0 info it worked if it ends with ok
1 verbose cli [ '/usr/local/bin/node', '/usr/local/bin/npm', 'install' ]
2 info using npm@3.3.6
3 info using node@v4.2.1
4 silly loadCurrentTree Starting
5 silly install loadCurrentTree
6 silly install readLocalPackageData
7 silly install normalizeTree
8 silly loadCurrentTree Finishing
9 silly loadIdealTree Starting
10 silly install loadIdealTree
11 silly cloneCurrentTree Starting
12 silly install cloneCurrentTreeToIdealTree
13 silly cloneCurrentTree Finishing
14 silly loadShrinkwrap Starting
15 silly install loadShrinkwrap
16 silly loadShrinkwrap Finishing
17 silly loadAllDepsIntoIdealTree Starting
18 silly install loadAllDepsIntoIdealTree
19 silly fetchNamedPackageData react
20 silly mapToRegistry name react
21 silly mapToRegistry using default registry
22 silly mapToRegistry registry https://registry.npmjs.org/
23 silly mapToRegistry uri https://registry.npmjs.org/react
24 silly fetchNamedPackageData react-dom
25 silly mapToRegistry name react-dom
26 silly mapToRegistry using default registry
27 silly mapToRegistry registry https://registry.npmjs.org/
28 silly mapToRegistry uri https://registry.npmjs.org/react-dom
29 silly fetchNamedPackageData react-addons-linked-state-mixin
30 silly mapToRegistry name react-addons-linked-state-mixin
31 silly mapToRegistry using default registry
32 silly mapToRegistry registry https://registry.npmjs.org/
33 silly mapToRegistry uri https://registry.npmjs.org/react-addons-linked-state-mixin
34 verbose request uri https://registry.npmjs.org/react-addons-linked-state-mixin
35 verbose request no auth needed
36 info attempt registry request try #1 at 12:03:38 AM
37 verbose request id b7c94cc59984bd1f
38 verbose etag "5FR5UFSQE9GR0DPHLWTJU01UR"
39 http request GET https://registry.npmjs.org/react-addons-linked-state-mixin
40 verbose request uri https://registry.npmjs.org/react-dom
41 verbose request no auth needed
42 info attempt registry request try #1 at 12:03:38 AM
43 verbose etag "3WODL33ZAHIYW8WRPTGI5YCQB"
44 http request GET https://registry.npmjs.org/react-dom
45 verbose request uri https://registry.npmjs.org/react
46 verbose request no auth needed
47 info attempt registry request try #1 at 12:03:38 AM
48 verbose etag "E4121UQ3902U09C3XB7WD4A5C"
49 http request GET https://registry.npmjs.org/react
50 http 304 https://registry.npmjs.org/react
51 verbose headers { date: 'Wed, 13 Apr 2016 04:03:38 GMT',
51 verbose headers   via: '1.1 varnish',
51 verbose headers   'cache-control': 'max-age=300',
51 verbose headers   etag: '"E4121UQ3902U09C3XB7WD4A5C"',
51 verbose headers   age: '50',
51 verbose headers   connection: 'keep-alive',
51 verbose headers   'x-served-by': 'cache-jfk1047-JFK',
51 verbose headers   'x-cache': 'HIT',
51 verbose headers   'x-cache-hits': '1',
51 verbose headers   'x-timer': 'S1460520218.714501,VS0,VE0',
51 verbose headers   vary: 'Accept-Encoding' }
52 silly get cb [ 304,
52 silly get   { date: 'Wed, 13 Apr 2016 04:03:38 GMT',
52 silly get     via: '1.1 varnish',
52 silly get     'cache-control': 'max-age=300',
52 silly get     etag: '"E4121UQ3902U09C3XB7WD4A5C"',
52 silly get     age: '50',
52 silly get     connection: 'keep-alive',
52 silly get     'x-served-by': 'cache-jfk1047-JFK',
52 silly get     'x-cache': 'HIT',
52 silly get     'x-cache-hits': '1',
52 silly get     'x-timer': 'S1460520218.714501,VS0,VE0',
52 silly get     vary: 'Accept-Encoding' } ]
53 verbose etag https://registry.npmjs.org/react from cache
54 verbose get saving react to /Users/adam2/.npm/registry.npmjs.org/react/.cache.json
55 http 304 https://registry.npmjs.org/react-dom
56 verbose headers { date: 'Wed, 13 Apr 2016 04:03:38 GMT',
56 verbose headers   via: '1.1 varnish',
56 verbose headers   'cache-control': 'max-age=300',
56 verbose headers   etag: '"3WODL33ZAHIYW8WRPTGI5YCQB"',
56 verbose headers   age: '50',
56 verbose headers   connection: 'keep-alive',
56 verbose headers   'x-served-by': 'cache-jfk1029-JFK',
56 verbose headers   'x-cache': 'HIT',
56 verbose headers   'x-cache-hits': '1',
56 verbose headers   'x-timer': 'S1460520218.713516,VS0,VE0',
56 verbose headers   vary: 'Accept-Encoding' }
57 silly get cb [ 304,
57 silly get   { date: 'Wed, 13 Apr 2016 04:03:38 GMT',
57 silly get     via: '1.1 varnish',
57 silly get     'cache-control': 'max-age=300',
57 silly get     etag: '"3WODL33ZAHIYW8WRPTGI5YCQB"',
57 silly get     age: '50',
57 silly get     connection: 'keep-alive',
57 silly get     'x-served-by': 'cache-jfk1029-JFK',
57 silly get     'x-cache': 'HIT',
57 silly get     'x-cache-hits': '1',
57 silly get     'x-timer': 'S1460520218.713516,VS0,VE0',
57 silly get     vary: 'Accept-Encoding' } ]
58 verbose etag https://registry.npmjs.org/react-dom from cache
59 verbose get saving react-dom to /Users/adam2/.npm/registry.npmjs.org/react-dom/.cache.json
60 silly resolveWithNewModule react-dom@0.14.8 checking installable status
61 silly cache add args [ 'react-dom@^0.14.8', null ]
62 verbose cache add spec react-dom@^0.14.8
63 silly cache add parsed spec Result {
63 silly cache add   raw: 'react-dom@^0.14.8',
63 silly cache add   scope: null,
63 silly cache add   name: 'react-dom',
63 silly cache add   rawSpec: '^0.14.8',
63 silly cache add   spec: '>=0.14.8 <0.15.0',
63 silly cache add   type: 'range' }
64 silly addNamed react-dom@>=0.14.8 <0.15.0
65 verbose addNamed ">=0.14.8 <0.15.0" is a valid semver range for react-dom
66 silly addNameRange { name: 'react-dom', range: '>=0.14.8 <0.15.0', hasData: false }
67 silly mapToRegistry name react-dom
68 silly mapToRegistry using default registry
69 silly mapToRegistry registry https://registry.npmjs.org/
70 silly mapToRegistry uri https://registry.npmjs.org/react-dom
71 verbose addNameRange registry:https://registry.npmjs.org/react-dom not in flight; fetching
72 silly resolveWithNewModule react@0.14.8 checking installable status
73 silly cache add args [ 'react@^0.14.8', null ]
74 verbose cache add spec react@^0.14.8
75 silly cache add parsed spec Result {
75 silly cache add   raw: 'react@^0.14.8',
75 silly cache add   scope: null,
75 silly cache add   name: 'react',
75 silly cache add   rawSpec: '^0.14.8',
75 silly cache add   spec: '>=0.14.8 <0.15.0',
75 silly cache add   type: 'range' }
76 silly addNamed react@>=0.14.8 <0.15.0
77 verbose addNamed ">=0.14.8 <0.15.0" is a valid semver range for react
78 silly addNameRange { name: 'react', range: '>=0.14.8 <0.15.0', hasData: false }
79 silly mapToRegistry name react
80 silly mapToRegistry using default registry
81 silly mapToRegistry registry https://registry.npmjs.org/
82 silly mapToRegistry uri https://registry.npmjs.org/react
83 verbose addNameRange registry:https://registry.npmjs.org/react not in flight; fetching
84 http 304 https://registry.npmjs.org/react-addons-linked-state-mixin
85 verbose headers { date: 'Wed, 13 Apr 2016 04:03:38 GMT',
85 verbose headers   via: '1.1 varnish',
85 verbose headers   'cache-control': 'max-age=300',
85 verbose headers   etag: '"5FR5UFSQE9GR0DPHLWTJU01UR"',
85 verbose headers   age: '0',
85 verbose headers   connection: 'keep-alive',
85 verbose headers   'x-served-by': 'cache-jfk1036-JFK',
85 verbose headers   'x-cache': 'HIT',
85 verbose headers   'x-cache-hits': '1',
85 verbose headers   'x-timer': 'S1460520218.714309,VS0,VE23',
85 verbose headers   vary: 'Accept-Encoding' }
86 silly get cb [ 304,
86 silly get   { date: 'Wed, 13 Apr 2016 04:03:38 GMT',
86 silly get     via: '1.1 varnish',
86 silly get     'cache-control': 'max-age=300',
86 silly get     etag: '"5FR5UFSQE9GR0DPHLWTJU01UR"',
86 silly get     age: '0',
86 silly get     connection: 'keep-alive',
86 silly get     'x-served-by': 'cache-jfk1036-JFK',
86 silly get     'x-cache': 'HIT',
86 silly get     'x-cache-hits': '1',
86 silly get     'x-timer': 'S1460520218.714309,VS0,VE23',
86 silly get     vary: 'Accept-Encoding' } ]
87 verbose etag https://registry.npmjs.org/react-addons-linked-state-mixin from cache
88 verbose get saving react-addons-linked-state-mixin to /Users/adam2/.npm/registry.npmjs.org/react-addons-linked-state-mixin/.cache.json
89 verbose get https://registry.npmjs.org/react-dom not expired, no request
90 silly addNameRange number 2 { name: 'react-dom', range: '>=0.14.8 <0.15.0', hasData: true }
91 silly addNameRange versions [ 'react-dom',
91 silly addNameRange   [ '0.1.0',
91 silly addNameRange     '0.14.0-beta1',
91 silly addNameRange     '0.14.0-beta2',
91 silly addNameRange     '0.14.0-beta3',
91 silly addNameRange     '0.14.0-rc1',
91 silly addNameRange     '0.14.0',
91 silly addNameRange     '0.14.1',
91 silly addNameRange     '0.14.2',
91 silly addNameRange     '0.14.3',
91 silly addNameRange     '0.14.4',
91 silly addNameRange     '0.14.5',
91 silly addNameRange     '0.14.6',
91 silly addNameRange     '0.15.0-alpha.1',
91 silly addNameRange     '0.14.7',
91 silly addNameRange     '15.0.0-rc.1',
91 silly addNameRange     '15.0.0-rc.2',
91 silly addNameRange     '0.14.8',
91 silly addNameRange     '15.0.0',
91 silly addNameRange     '15.0.1' ] ]
92 silly addNamed react-dom@0.14.8
93 verbose addNamed "0.14.8" is a plain semver version for react-dom
94 verbose get https://registry.npmjs.org/react not expired, no request
95 silly addNameRange number 2 { name: 'react', range: '>=0.14.8 <0.15.0', hasData: true }
96 silly addNameRange versions [ 'react',
96 silly addNameRange   [ '0.0.1',
96 silly addNameRange     '0.0.2',
96 silly addNameRange     '0.0.3',
96 silly addNameRange     '0.1.2',
96 silly addNameRange     '0.2.0',
96 silly addNameRange     '0.2.1',
96 silly addNameRange     '0.2.2',
96 silly addNameRange     '0.2.3',
96 silly addNameRange     '0.2.4',
96 silly addNameRange     '0.2.5',
96 silly addNameRange     '0.2.6',
96 silly addNameRange     '0.3.0',
96 silly addNameRange     '0.3.4',
96 silly addNameRange     '0.3.5',
96 silly addNameRange     '0.5.0',
96 silly addNameRange     '0.5.1',
96 silly addNameRange     '0.5.2',
96 silly addNameRange     '0.6.0',
96 silly addNameRange     '0.6.1',
96 silly addNameRange     '0.6.2',
96 silly addNameRange     '0.6.3',
96 silly addNameRange     '0.7.0',
96 silly addNameRange     '0.7.1',
96 silly addNameRange     '0.8.0',
96 silly addNameRange     '0.9.0-rc1',
96 silly addNameRange     '0.9.0',
96 silly addNameRange     '0.10.0-rc1',
96 silly addNameRange     '0.10.0',
96 silly addNameRange     '0.11.0-rc1',
96 silly addNameRange     '0.11.0',
96 silly addNameRange     '0.11.1',
96 silly addNameRange     '0.11.2',
96 silly addNameRange     '0.12.0-rc1',
96 silly addNameRange     '0.12.0',
96 silly addNameRange     '0.12.1',
96 silly addNameRange     '0.12.2',
96 silly addNameRange     '0.13.0-alpha.1',
96 silly addNameRange     '0.13.0-alpha.2',
96 silly addNameRange     '0.13.0-beta.1',
96 silly addNameRange     '0.13.0-beta.2',
96 silly addNameRange     '0.13.0-rc1',
96 silly addNameRange     '0.13.0-rc2',
96 silly addNameRange     '0.13.0',
96 silly addNameRange     '0.13.1',
96 silly addNameRange     '0.13.2',
96 silly addNameRange     '0.13.3',
96 silly addNameRange     '0.14.0-alpha1',
96 silly addNameRange     '0.14.0-alpha2',
96 silly addNameRange     '0.14.0-alpha3',
96 silly addNameRange     '0.14.0-beta1',
96 silly addNameRange     '0.14.0-beta2',
96 silly addNameRange     '0.14.0-beta3',
96 silly addNameRange     '0.14.0-rc1',
96 silly addNameRange     '0.14.0',
96 silly addNameRange     '0.14.1',
96 silly addNameRange     '0.14.2',
96 silly addNameRange     '0.14.3',
96 silly addNameRange     '0.14.4',
96 silly addNameRange     '0.14.5',
96 silly addNameRange     '0.14.6',
96 silly addNameRange     '0.15.0-alpha.1',
96 silly addNameRange     '0.14.7',
96 silly addNameRange     '15.0.0-rc.1',
96 silly addNameRange     '15.0.0-rc.2',
96 silly addNameRange     '0.14.8',
96 silly addNameRange     '15.0.0',
96 silly addNameRange     '15.0.1' ] ]
97 silly addNamed react@0.14.8
98 verbose addNamed "0.14.8" is a plain semver version for react
99 silly cache afterAdd react-dom@0.14.8
100 verbose afterAdd /Users/adam2/.npm/react-dom/0.14.8/package/package.json not in flight; writing
101 silly cache afterAdd react@0.14.8
102 verbose afterAdd /Users/adam2/.npm/react/0.14.8/package/package.json not in flight; writing
103 silly resolveWithNewModule react-addons-linked-state-mixin@0.14.8 checking installable status
104 silly cache add args [ 'react-addons-linked-state-mixin@^0.14.8', null ]
105 verbose cache add spec react-addons-linked-state-mixin@^0.14.8
106 silly cache add parsed spec Result {
106 silly cache add   raw: 'react-addons-linked-state-mixin@^0.14.8',
106 silly cache add   scope: null,
106 silly cache add   name: 'react-addons-linked-state-mixin',
106 silly cache add   rawSpec: '^0.14.8',
106 silly cache add   spec: '>=0.14.8 <0.15.0',
106 silly cache add   type: 'range' }
107 silly addNamed react-addons-linked-state-mixin@>=0.14.8 <0.15.0
108 verbose addNamed ">=0.14.8 <0.15.0" is a valid semver range for react-addons-linked-state-mixin
109 silly addNameRange { name: 'react-addons-linked-state-mixin',
109 silly addNameRange   range: '>=0.14.8 <0.15.0',
109 silly addNameRange   hasData: false }
110 silly mapToRegistry name react-addons-linked-state-mixin
111 silly mapToRegistry using default registry
112 silly mapToRegistry registry https://registry.npmjs.org/
113 silly mapToRegistry uri https://registry.npmjs.org/react-addons-linked-state-mixin
114 verbose addNameRange registry:https://registry.npmjs.org/react-addons-linked-state-mixin not in flight; fetching
115 verbose afterAdd /Users/adam2/.npm/react-dom/0.14.8/package/package.json written
116 verbose afterAdd /Users/adam2/.npm/react/0.14.8/package/package.json written
117 verbose get https://registry.npmjs.org/react-addons-linked-state-mixin not expired, no request
118 silly addNameRange number 2 { name: 'react-addons-linked-state-mixin',
118 silly addNameRange   range: '>=0.14.8 <0.15.0',
118 silly addNameRange   hasData: true }
119 silly addNameRange versions [ 'react-addons-linked-state-mixin',
119 silly addNameRange   [ '0.14.0-beta1',
119 silly addNameRange     '0.14.0-beta2',
119 silly addNameRange     '0.14.0-beta3',
119 silly addNameRange     '0.14.0-rc1',
119 silly addNameRange     '0.14.0',
119 silly addNameRange     '0.14.1',
119 silly addNameRange     '0.14.2',
119 silly addNameRange     '0.14.3',
119 silly addNameRange     '0.14.4',
119 silly addNameRange     '0.14.5',
119 silly addNameRange     '0.14.6',
119 silly addNameRange     '0.15.0-alpha.1',
119 silly addNameRange     '0.14.7',
119 silly addNameRange     '15.0.0-rc.1',
119 silly addNameRange     '15.0.0-rc.2',
119 silly addNameRange     '0.14.8',
119 silly addNameRange     '15.0.0',
119 silly addNameRange     '15.0.1' ] ]
120 silly addNamed react-addons-linked-state-mixin@0.14.8
121 verbose addNamed "0.14.8" is a plain semver version for react-addons-linked-state-mixin
122 silly cache afterAdd react-addons-linked-state-mixin@0.14.8
123 verbose afterAdd /Users/adam2/.npm/react-addons-linked-state-mixin/0.14.8/package/package.json not in flight; writing
124 verbose afterAdd /Users/adam2/.npm/react-addons-linked-state-mixin/0.14.8/package/package.json written
125 silly fetchNamedPackageData fbjs
126 silly mapToRegistry name fbjs
127 silly mapToRegistry using default registry
128 silly mapToRegistry registry https://registry.npmjs.org/
129 silly mapToRegistry uri https://registry.npmjs.org/fbjs
130 verbose request uri https://registry.npmjs.org/fbjs
131 verbose request no auth needed
132 info attempt registry request try #1 at 12:03:39 AM
133 verbose etag "TLXM63V9HCKQECIOP93TDP49"
134 http request GET https://registry.npmjs.org/fbjs
135 http 304 https://registry.npmjs.org/fbjs
136 verbose headers { date: 'Wed, 13 Apr 2016 04:03:39 GMT',
136 verbose headers   via: '1.1 varnish',
136 verbose headers   'cache-control': 'max-age=300',
136 verbose headers   etag: '"TLXM63V9HCKQECIOP93TDP49"',
136 verbose headers   age: '9',
136 verbose headers   connection: 'keep-alive',
136 verbose headers   'x-served-by': 'cache-jfk1034-JFK',
136 verbose headers   'x-cache': 'HIT',
136 verbose headers   'x-cache-hits': '1',
136 verbose headers   'x-timer': 'S1460520219.630235,VS0,VE0',
136 verbose headers   vary: 'Accept-Encoding' }
137 silly get cb [ 304,
137 silly get   { date: 'Wed, 13 Apr 2016 04:03:39 GMT',
137 silly get     via: '1.1 varnish',
137 silly get     'cache-control': 'max-age=300',
137 silly get     etag: '"TLXM63V9HCKQECIOP93TDP49"',
137 silly get     age: '9',
137 silly get     connection: 'keep-alive',
137 silly get     'x-served-by': 'cache-jfk1034-JFK',
137 silly get     'x-cache': 'HIT',
137 silly get     'x-cache-hits': '1',
137 silly get     'x-timer': 'S1460520219.630235,VS0,VE0',
137 silly get     vary: 'Accept-Encoding' } ]
138 verbose etag https://registry.npmjs.org/fbjs from cache
139 verbose get saving fbjs to /Users/adam2/.npm/registry.npmjs.org/fbjs/.cache.json
140 silly resolveWithNewModule fbjs@0.6.1 checking installable status
141 silly cache add args [ 'fbjs@^0.6.1', null ]
142 verbose cache add spec fbjs@^0.6.1
143 silly cache add parsed spec Result {
143 silly cache add   raw: 'fbjs@^0.6.1',
143 silly cache add   scope: null,
143 silly cache add   name: 'fbjs',
143 silly cache add   rawSpec: '^0.6.1',
143 silly cache add   spec: '>=0.6.1 <0.7.0',
143 silly cache add   type: 'range' }
144 silly addNamed fbjs@>=0.6.1 <0.7.0
145 verbose addNamed ">=0.6.1 <0.7.0" is a valid semver range for fbjs
146 silly addNameRange { name: 'fbjs', range: '>=0.6.1 <0.7.0', hasData: false }
147 silly mapToRegistry name fbjs
148 silly mapToRegistry using default registry
149 silly mapToRegistry registry https://registry.npmjs.org/
150 silly mapToRegistry uri https://registry.npmjs.org/fbjs
151 verbose addNameRange registry:https://registry.npmjs.org/fbjs not in flight; fetching
152 verbose get https://registry.npmjs.org/fbjs not expired, no request
153 silly addNameRange number 2 { name: 'fbjs', range: '>=0.6.1 <0.7.0', hasData: true }
154 silly addNameRange versions [ 'fbjs',
154 silly addNameRange   [ '0.0.0',
154 silly addNameRange     '0.1.0-alpha.0',
154 silly addNameRange     '0.1.0-alpha.1',
154 silly addNameRange     '0.1.0-alpha.2',
154 silly addNameRange     '0.1.0-alpha.3',
154 silly addNameRange     '0.1.0-alpha.4',
154 silly addNameRange     '0.1.0-alpha.5',
154 silly addNameRange     '0.1.0-alpha.6',
154 silly addNameRange     '0.1.0-alpha.7',
154 silly addNameRange     '0.1.0-alpha.8',
154 silly addNameRange     '0.1.0-alpha.9',
154 silly addNameRange     '0.1.0-alpha.10',
154 silly addNameRange     '0.1.0-alpha.11',
154 silly addNameRange     '0.1.0-alpha.12',
154 silly addNameRange     '0.2.0',
154 silly addNameRange     '0.2.1',
154 silly addNameRange     '0.3.1',
154 silly addNameRange     '0.3.2',
154 silly addNameRange     '0.4.0',
154 silly addNameRange     '0.5.0',
154 silly addNameRange     '0.5.1',
154 silly addNameRange     '0.6.0',
154 silly addNameRange     '0.6.1',
154 silly addNameRange     '0.7.0',
154 silly addNameRange     '0.7.1',
154 silly addNameRange     '0.7.2',
154 silly addNameRange     '0.8.0-alpha.1',
154 silly addNameRange     '0.8.0-alpha.2',
154 silly addNameRange     '0.8.0-alpha.3',
154 silly addNameRange     '0.8.0' ] ]
155 silly addNamed fbjs@0.6.1
156 verbose addNamed "0.6.1" is a plain semver version for fbjs
157 silly cache afterAdd fbjs@0.6.1
158 verbose afterAdd /Users/adam2/.npm/fbjs/0.6.1/package/package.json not in flight; writing
159 verbose afterAdd /Users/adam2/.npm/fbjs/0.6.1/package/package.json written
160 silly fetchNamedPackageData debug
161 silly mapToRegistry name debug
162 silly mapToRegistry using default registry
163 silly mapToRegistry registry https://registry.npmjs.org/
164 silly mapToRegistry uri https://registry.npmjs.org/debug
165 silly fetchNamedPackageData engine.io
166 silly mapToRegistry name engine.io
167 silly mapToRegistry using default registry
168 silly mapToRegistry registry https://registry.npmjs.org/
169 silly mapToRegistry uri https://registry.npmjs.org/engine.io
170 silly fetchNamedPackageData has-binary-data
171 silly mapToRegistry name has-binary-data
172 silly mapToRegistry using default registry
173 silly mapToRegistry registry https://registry.npmjs.org/
174 silly mapToRegistry uri https://registry.npmjs.org/has-binary-data
175 silly fetchNamedPackageData socket.io-adapter
176 silly mapToRegistry name socket.io-adapter
177 silly mapToRegistry using default registry
178 silly mapToRegistry registry https://registry.npmjs.org/
179 silly mapToRegistry uri https://registry.npmjs.org/socket.io-adapter
180 silly fetchNamedPackageData socket.io-client
181 silly mapToRegistry name socket.io-client
182 silly mapToRegistry using default registry
183 silly mapToRegistry registry https://registry.npmjs.org/
184 silly mapToRegistry uri https://registry.npmjs.org/socket.io-client
185 silly fetchNamedPackageData socket.io-parser
186 silly mapToRegistry name socket.io-parser
187 silly mapToRegistry using default registry
188 silly mapToRegistry registry https://registry.npmjs.org/
189 silly mapToRegistry uri https://registry.npmjs.org/socket.io-parser
190 verbose request uri https://registry.npmjs.org/debug
191 verbose request no auth needed
192 info attempt registry request try #1 at 12:03:39 AM
193 verbose etag "A4O4GIOEMGLQCYKOSG0CD3VZS"
194 http request GET https://registry.npmjs.org/debug
195 verbose request uri https://registry.npmjs.org/engine.io
196 verbose request no auth needed
197 info attempt registry request try #1 at 12:03:39 AM
198 verbose etag "4OZ4IYHMTK8OQK651XVQJMUHO"
199 http request GET https://registry.npmjs.org/engine.io
200 verbose request uri https://registry.npmjs.org/socket.io-parser
201 verbose request no auth needed
202 info attempt registry request try #1 at 12:03:39 AM
203 verbose etag "2D3W3W3Q5DVVELAU8D93HZDKI"
204 http request GET https://registry.npmjs.org/socket.io-parser
205 verbose request uri https://registry.npmjs.org/socket.io-adapter
206 verbose request no auth needed
207 info attempt registry request try #1 at 12:03:39 AM
208 verbose etag "CQNZW8VCO2U3ZQVEIM0BGCBBT"
209 http request GET https://registry.npmjs.org/socket.io-adapter
210 verbose request uri https://registry.npmjs.org/socket.io-client
211 verbose request no auth needed
212 info attempt registry request try #1 at 12:03:39 AM
213 verbose etag "30QOUXQK4B69VQ4EBVX2SYJ7L"
214 http request GET https://registry.npmjs.org/socket.io-client
215 verbose request uri https://registry.npmjs.org/has-binary-data
216 verbose request no auth needed
217 info attempt registry request try #1 at 12:03:39 AM
218 verbose etag "CE5JOBAP2Y5B0IFJ6IIYIFS4O"
219 http request GET https://registry.npmjs.org/has-binary-data
220 http 304 https://registry.npmjs.org/has-binary-data
221 verbose headers { date: 'Wed, 13 Apr 2016 04:03:39 GMT',
221 verbose headers   via: '1.1 varnish',
221 verbose headers   'cache-control': 'max-age=300',
221 verbose headers   etag: '"CE5JOBAP2Y5B0IFJ6IIYIFS4O"',
221 verbose headers   age: '240',
221 verbose headers   connection: 'keep-alive',
221 verbose headers   'x-served-by': 'cache-jfk1035-JFK',
221 verbose headers   'x-cache': 'HIT',
221 verbose headers   'x-cache-hits': '2',
221 verbose headers   'x-timer': 'S1460520219.924042,VS0,VE0',
221 verbose headers   vary: 'Accept-Encoding' }
222 silly get cb [ 304,
222 silly get   { date: 'Wed, 13 Apr 2016 04:03:39 GMT',
222 silly get     via: '1.1 varnish',
222 silly get     'cache-control': 'max-age=300',
222 silly get     etag: '"CE5JOBAP2Y5B0IFJ6IIYIFS4O"',
222 silly get     age: '240',
222 silly get     connection: 'keep-alive',
222 silly get     'x-served-by': 'cache-jfk1035-JFK',
222 silly get     'x-cache': 'HIT',
222 silly get     'x-cache-hits': '2',
222 silly get     'x-timer': 'S1460520219.924042,VS0,VE0',
222 silly get     vary: 'Accept-Encoding' } ]
223 verbose etag https://registry.npmjs.org/has-binary-data from cache
224 verbose get saving has-binary-data to /Users/adam2/.npm/registry.npmjs.org/has-binary-data/.cache.json
225 http 304 https://registry.npmjs.org/debug
226 verbose headers { date: 'Wed, 13 Apr 2016 04:03:39 GMT',
226 verbose headers   via: '1.1 varnish',
226 verbose headers   'cache-control': 'max-age=300',
226 verbose headers   etag: '"A4O4GIOEMGLQCYKOSG0CD3VZS"',
226 verbose headers   age: '63',
226 verbose headers   connection: 'keep-alive',
226 verbose headers   'x-served-by': 'cache-jfk1049-JFK',
226 verbose headers   'x-cache': 'HIT',
226 verbose headers   'x-cache-hits': '5',
226 verbose headers   'x-timer': 'S1460520219.924462,VS0,VE0',
226 verbose headers   vary: 'Accept-Encoding' }
227 silly get cb [ 304,
227 silly get   { date: 'Wed, 13 Apr 2016 04:03:39 GMT',
227 silly get     via: '1.1 varnish',
227 silly get     'cache-control': 'max-age=300',
227 silly get     etag: '"A4O4GIOEMGLQCYKOSG0CD3VZS"',
227 silly get     age: '63',
227 silly get     connection: 'keep-alive',
227 silly get     'x-served-by': 'cache-jfk1049-JFK',
227 silly get     'x-cache': 'HIT',
227 silly get     'x-cache-hits': '5',
227 silly get     'x-timer': 'S1460520219.924462,VS0,VE0',
227 silly get     vary: 'Accept-Encoding' } ]
228 verbose etag https://registry.npmjs.org/debug from cache
229 verbose get saving debug to /Users/adam2/.npm/registry.npmjs.org/debug/.cache.json
230 http 304 https://registry.npmjs.org/socket.io-client
231 verbose headers { date: 'Wed, 13 Apr 2016 04:03:39 GMT',
231 verbose headers   via: '1.1 varnish',
231 verbose headers   'cache-control': 'max-age=300',
231 verbose headers   etag: '"30QOUXQK4B69VQ4EBVX2SYJ7L"',
231 verbose headers   age: '206',
231 verbose headers   connection: 'keep-alive',
231 verbose headers   'x-served-by': 'cache-jfk1020-JFK',
231 verbose headers   'x-cache': 'HIT',
231 verbose headers   'x-cache-hits': '2',
231 verbose headers   'x-timer': 'S1460520219.925311,VS0,VE0',
231 verbose headers   vary: 'Accept-Encoding' }
232 silly get cb [ 304,
232 silly get   { date: 'Wed, 13 Apr 2016 04:03:39 GMT',
232 silly get     via: '1.1 varnish',
232 silly get     'cache-control': 'max-age=300',
232 silly get     etag: '"30QOUXQK4B69VQ4EBVX2SYJ7L"',
232 silly get     age: '206',
232 silly get     connection: 'keep-alive',
232 silly get     'x-served-by': 'cache-jfk1020-JFK',
232 silly get     'x-cache': 'HIT',
232 silly get     'x-cache-hits': '2',
232 silly get     'x-timer': 'S1460520219.925311,VS0,VE0',
232 silly get     vary: 'Accept-Encoding' } ]
233 verbose etag https://registry.npmjs.org/socket.io-client from cache
234 verbose get saving socket.io-client to /Users/adam2/.npm/registry.npmjs.org/socket.io-client/.cache.json
235 http 304 https://registry.npmjs.org/socket.io-parser
236 verbose headers { date: 'Wed, 13 Apr 2016 04:03:39 GMT',
236 verbose headers   via: '1.1 varnish',
236 verbose headers   'cache-control': 'max-age=300',
236 verbose headers   etag: '"2D3W3W3Q5DVVELAU8D93HZDKI"',
236 verbose headers   age: '149',
236 verbose headers   connection: 'keep-alive',
236 verbose headers   'x-served-by': 'cache-jfk1024-JFK',
236 verbose headers   'x-cache': 'HIT',
236 verbose headers   'x-cache-hits': '2',
236 verbose headers   'x-timer': 'S1460520219.926387,VS0,VE0',
236 verbose headers   vary: 'Accept-Encoding' }
237 silly get cb [ 304,
237 silly get   { date: 'Wed, 13 Apr 2016 04:03:39 GMT',
237 silly get     via: '1.1 varnish',
237 silly get     'cache-control': 'max-age=300',
237 silly get     etag: '"2D3W3W3Q5DVVELAU8D93HZDKI"',
237 silly get     age: '149',
237 silly get     connection: 'keep-alive',
237 silly get     'x-served-by': 'cache-jfk1024-JFK',
237 silly get     'x-cache': 'HIT',
237 silly get     'x-cache-hits': '2',
237 silly get     'x-timer': 'S1460520219.926387,VS0,VE0',
237 silly get     vary: 'Accept-Encoding' } ]
238 verbose etag https://registry.npmjs.org/socket.io-parser from cache
239 verbose get saving socket.io-parser to /Users/adam2/.npm/registry.npmjs.org/socket.io-parser/.cache.json
240 http 304 https://registry.npmjs.org/engine.io
241 verbose headers { date: 'Wed, 13 Apr 2016 04:03:39 GMT',
241 verbose headers   via: '1.1 varnish',
241 verbose headers   'cache-control': 'max-age=300',
241 verbose headers   etag: '"4OZ4IYHMTK8OQK651XVQJMUHO"',
241 verbose headers   age: '148',
241 verbose headers   connection: 'keep-alive',
241 verbose headers   'x-served-by': 'cache-jfk1021-JFK',
241 verbose headers   'x-cache': 'HIT',
241 verbose headers   'x-cache-hits': '1',
241 verbose headers   'x-timer': 'S1460520219.926327,VS0,VE0',
241 verbose headers   vary: 'Accept-Encoding' }
242 silly get cb [ 304,
242 silly get   { date: 'Wed, 13 Apr 2016 04:03:39 GMT',
242 silly get     via: '1.1 varnish',
242 silly get     'cache-control': 'max-age=300',
242 silly get     etag: '"4OZ4IYHMTK8OQK651XVQJMUHO"',
242 silly get     age: '148',
242 silly get     connection: 'keep-alive',
242 silly get     'x-served-by': 'cache-jfk1021-JFK',
242 silly get     'x-cache': 'HIT',
242 silly get     'x-cache-hits': '1',
242 silly get     'x-timer': 'S1460520219.926327,VS0,VE0',
242 silly get     vary: 'Accept-Encoding' } ]
243 verbose etag https://registry.npmjs.org/engine.io from cache
244 verbose get saving engine.io to /Users/adam2/.npm/registry.npmjs.org/engine.io/.cache.json
245 silly resolveWithNewModule debug@2.1.0 checking installable status
246 silly cache add args [ 'debug@2.1.0', null ]
247 verbose cache add spec debug@2.1.0
248 silly cache add parsed spec Result {
248 silly cache add   raw: 'debug@2.1.0',
248 silly cache add   scope: null,
248 silly cache add   name: 'debug',
248 silly cache add   rawSpec: '2.1.0',
248 silly cache add   spec: '2.1.0',
248 silly cache add   type: 'version' }
249 silly addNamed debug@2.1.0
250 verbose addNamed "2.1.0" is a plain semver version for debug
251 silly mapToRegistry name debug
252 silly mapToRegistry using default registry
253 silly mapToRegistry registry https://registry.npmjs.org/
254 silly mapToRegistry uri https://registry.npmjs.org/debug
255 verbose addNameVersion registry:https://registry.npmjs.org/debug not in flight; fetching
256 silly resolveWithNewModule has-binary-data@0.1.3 checking installable status
257 silly cache add args [ 'has-binary-data@0.1.3', null ]
258 verbose cache add spec has-binary-data@0.1.3
259 silly cache add parsed spec Result {
259 silly cache add   raw: 'has-binary-data@0.1.3',
259 silly cache add   scope: null,
259 silly cache add   name: 'has-binary-data',
259 silly cache add   rawSpec: '0.1.3',
259 silly cache add   spec: '0.1.3',
259 silly cache add   type: 'version' }
260 silly addNamed has-binary-data@0.1.3
261 verbose addNamed "0.1.3" is a plain semver version for has-binary-data
262 silly mapToRegistry name has-binary-data
263 silly mapToRegistry using default registry
264 silly mapToRegistry registry https://registry.npmjs.org/
265 silly mapToRegistry uri https://registry.npmjs.org/has-binary-data
266 verbose addNameVersion registry:https://registry.npmjs.org/has-binary-data not in flight; fetching
267 silly resolveWithNewModule socket.io-parser@2.2.4 checking installable status
268 silly cache add args [ 'socket.io-parser@2.2.4', null ]
269 verbose cache add spec socket.io-parser@2.2.4
270 silly cache add parsed spec Result {
270 silly cache add   raw: 'socket.io-parser@2.2.4',
270 silly cache add   scope: null,
270 silly cache add   name: 'socket.io-parser',
270 silly cache add   rawSpec: '2.2.4',
270 silly cache add   spec: '2.2.4',
270 silly cache add   type: 'version' }
271 silly addNamed socket.io-parser@2.2.4
272 verbose addNamed "2.2.4" is a plain semver version for socket.io-parser
273 silly mapToRegistry name socket.io-parser
274 silly mapToRegistry using default registry
275 silly mapToRegistry registry https://registry.npmjs.org/
276 silly mapToRegistry uri https://registry.npmjs.org/socket.io-parser
277 verbose addNameVersion registry:https://registry.npmjs.org/socket.io-parser not in flight; fetching
278 silly resolveWithNewModule engine.io@1.5.4 checking installable status
279 silly cache add args [ 'engine.io@1.5.4', null ]
280 verbose cache add spec engine.io@1.5.4
281 silly cache add parsed spec Result {
281 silly cache add   raw: 'engine.io@1.5.4',
281 silly cache add   scope: null,
281 silly cache add   name: 'engine.io',
281 silly cache add   rawSpec: '1.5.4',
281 silly cache add   spec: '1.5.4',
281 silly cache add   type: 'version' }
282 silly addNamed engine.io@1.5.4
283 verbose addNamed "1.5.4" is a plain semver version for engine.io
284 silly mapToRegistry name engine.io
285 silly mapToRegistry using default registry
286 silly mapToRegistry registry https://registry.npmjs.org/
287 silly mapToRegistry uri https://registry.npmjs.org/engine.io
288 verbose addNameVersion registry:https://registry.npmjs.org/engine.io not in flight; fetching
289 http 200 https://registry.npmjs.org/socket.io-adapter
290 verbose headers { server: 'CouchDB/1.5.0 (Erlang OTP/R16B03)',
290 verbose headers   etag: '"ABRY7AF12WZX8XJ24EBJD65U9"',
290 verbose headers   'content-type': 'application/json',
290 verbose headers   'cache-control': 'max-age=300',
290 verbose headers   'content-length': '4630',
290 verbose headers   'accept-ranges': 'bytes',
290 verbose headers   date: 'Wed, 13 Apr 2016 04:03:39 GMT',
290 verbose headers   via: '1.1 varnish',
290 verbose headers   age: '8',
290 verbose headers   connection: 'keep-alive',
290 verbose headers   'x-served-by': 'cache-jfk1025-JFK',
290 verbose headers   'x-cache': 'HIT',
290 verbose headers   'x-cache-hits': '1',
290 verbose headers   'x-timer': 'S1460520219.926239,VS0,VE0',
290 verbose headers   vary: 'Accept-Encoding' }
291 silly get cb [ 200,
291 silly get   { server: 'CouchDB/1.5.0 (Erlang OTP/R16B03)',
291 silly get     etag: '"ABRY7AF12WZX8XJ24EBJD65U9"',
291 silly get     'content-type': 'application/json',
291 silly get     'cache-control': 'max-age=300',
291 silly get     'content-length': '4630',
291 silly get     'accept-ranges': 'bytes',
291 silly get     date: 'Wed, 13 Apr 2016 04:03:39 GMT',
291 silly get     via: '1.1 varnish',
291 silly get     age: '8',
291 silly get     connection: 'keep-alive',
291 silly get     'x-served-by': 'cache-jfk1025-JFK',
291 silly get     'x-cache': 'HIT',
291 silly get     'x-cache-hits': '1',
291 silly get     'x-timer': 'S1460520219.926239,VS0,VE0',
291 silly get     vary: 'Accept-Encoding' } ]
292 verbose get saving socket.io-adapter to /Users/adam2/.npm/registry.npmjs.org/socket.io-adapter/.cache.json
293 silly resolveWithNewModule socket.io-client@1.3.7 checking installable status
294 silly cache add args [ 'socket.io-client@1.3.7', null ]
295 verbose cache add spec socket.io-client@1.3.7
296 silly cache add parsed spec Result {
296 silly cache add   raw: 'socket.io-client@1.3.7',
296 silly cache add   scope: null,
296 silly cache add   name: 'socket.io-client',
296 silly cache add   rawSpec: '1.3.7',
296 silly cache add   spec: '1.3.7',
296 silly cache add   type: 'version' }
297 silly addNamed socket.io-client@1.3.7
298 verbose addNamed "1.3.7" is a plain semver version for socket.io-client
299 silly mapToRegistry name socket.io-client
300 silly mapToRegistry using default registry
301 silly mapToRegistry registry https://registry.npmjs.org/
302 silly mapToRegistry uri https://registry.npmjs.org/socket.io-client
303 verbose addNameVersion registry:https://registry.npmjs.org/socket.io-client not in flight; fetching
304 verbose get https://registry.npmjs.org/debug not expired, no request
305 verbose get https://registry.npmjs.org/has-binary-data not expired, no request
306 verbose get https://registry.npmjs.org/socket.io-parser not expired, no request
307 verbose get https://registry.npmjs.org/engine.io not expired, no request
308 verbose get https://registry.npmjs.org/socket.io-client not expired, no request
309 silly cache afterAdd debug@2.1.0
310 verbose afterAdd /Users/adam2/.npm/debug/2.1.0/package/package.json not in flight; writing
311 silly cache afterAdd has-binary-data@0.1.3
312 verbose afterAdd /Users/adam2/.npm/has-binary-data/0.1.3/package/package.json not in flight; writing
313 silly cache afterAdd socket.io-parser@2.2.4
314 verbose afterAdd /Users/adam2/.npm/socket.io-parser/2.2.4/package/package.json not in flight; writing
315 silly resolveWithNewModule socket.io-adapter@0.3.1 checking installable status
316 silly cache add args [ 'socket.io-adapter@0.3.1', null ]
317 verbose cache add spec socket.io-adapter@0.3.1
318 silly cache add parsed spec Result {
318 silly cache add   raw: 'socket.io-adapter@0.3.1',
318 silly cache add   scope: null,
318 silly cache add   name: 'socket.io-adapter',
318 silly cache add   rawSpec: '0.3.1',
318 silly cache add   spec: '0.3.1',
318 silly cache add   type: 'version' }
319 silly addNamed socket.io-adapter@0.3.1
320 verbose addNamed "0.3.1" is a plain semver version for socket.io-adapter
321 silly mapToRegistry name socket.io-adapter
322 silly mapToRegistry using default registry
323 silly mapToRegistry registry https://registry.npmjs.org/
324 silly mapToRegistry uri https://registry.npmjs.org/socket.io-adapter
325 verbose addNameVersion registry:https://registry.npmjs.org/socket.io-adapter not in flight; fetching
326 silly cache afterAdd socket.io-client@1.3.7
327 verbose afterAdd /Users/adam2/.npm/socket.io-client/1.3.7/package/package.json not in flight; writing
328 silly cache afterAdd engine.io@1.5.4
329 verbose afterAdd /Users/adam2/.npm/engine.io/1.5.4/package/package.json not in flight; writing
330 verbose afterAdd /Users/adam2/.npm/debug/2.1.0/package/package.json written
331 verbose get https://registry.npmjs.org/socket.io-adapter not expired, no request
332 verbose afterAdd /Users/adam2/.npm/has-binary-data/0.1.3/package/package.json written
333 verbose afterAdd /Users/adam2/.npm/socket.io-parser/2.2.4/package/package.json written
334 verbose afterAdd /Users/adam2/.npm/socket.io-client/1.3.7/package/package.json written
335 verbose afterAdd /Users/adam2/.npm/engine.io/1.5.4/package/package.json written
336 silly cache afterAdd socket.io-adapter@0.3.1
337 verbose afterAdd /Users/adam2/.npm/socket.io-adapter/0.3.1/package/package.json not in flight; writing
338 verbose afterAdd /Users/adam2/.npm/socket.io-adapter/0.3.1/package/package.json written
339 silly fetchNamedPackageData ms
340 silly mapToRegistry name ms
341 silly mapToRegistry using default registry
342 silly mapToRegistry registry https://registry.npmjs.org/
343 silly mapToRegistry uri https://registry.npmjs.org/ms
344 verbose request uri https://registry.npmjs.org/ms
345 verbose request no auth needed
346 info attempt registry request try #1 at 12:03:39 AM
347 verbose etag "B2DBS4YC371SF2W4UJSD5CFPZ"
348 http request GET https://registry.npmjs.org/ms
349 http 304 https://registry.npmjs.org/ms
350 verbose headers { date: 'Wed, 13 Apr 2016 04:03:40 GMT',
350 verbose headers   via: '1.1 varnish',
350 verbose headers   'cache-control': 'max-age=300',
350 verbose headers   etag: '"B2DBS4YC371SF2W4UJSD5CFPZ"',
350 verbose headers   age: '141',
350 verbose headers   connection: 'keep-alive',
350 verbose headers   'x-served-by': 'cache-jfk1043-JFK',
350 verbose headers   'x-cache': 'HIT',
350 verbose headers   'x-cache-hits': '3',
350 verbose headers   'x-timer': 'S1460520220.101937,VS0,VE0',
350 verbose headers   vary: 'Accept-Encoding' }
351 silly get cb [ 304,
351 silly get   { date: 'Wed, 13 Apr 2016 04:03:40 GMT',
351 silly get     via: '1.1 varnish',
351 silly get     'cache-control': 'max-age=300',
351 silly get     etag: '"B2DBS4YC371SF2W4UJSD5CFPZ"',
351 silly get     age: '141',
351 silly get     connection: 'keep-alive',
351 silly get     'x-served-by': 'cache-jfk1043-JFK',
351 silly get     'x-cache': 'HIT',
351 silly get     'x-cache-hits': '3',
351 silly get     'x-timer': 'S1460520220.101937,VS0,VE0',
351 silly get     vary: 'Accept-Encoding' } ]
352 verbose etag https://registry.npmjs.org/ms from cache
353 verbose get saving ms to /Users/adam2/.npm/registry.npmjs.org/ms/.cache.json
354 silly resolveWithNewModule ms@0.6.2 checking installable status
355 silly cache add args [ 'ms@0.6.2', null ]
356 verbose cache add spec ms@0.6.2
357 silly cache add parsed spec Result {
357 silly cache add   raw: 'ms@0.6.2',
357 silly cache add   scope: null,
357 silly cache add   name: 'ms',
357 silly cache add   rawSpec: '0.6.2',
357 silly cache add   spec: '0.6.2',
357 silly cache add   type: 'version' }
358 silly addNamed ms@0.6.2
359 verbose addNamed "0.6.2" is a plain semver version for ms
360 silly mapToRegistry name ms
361 silly mapToRegistry using default registry
362 silly mapToRegistry registry https://registry.npmjs.org/
363 silly mapToRegistry uri https://registry.npmjs.org/ms
364 verbose addNameVersion registry:https://registry.npmjs.org/ms not in flight; fetching
365 verbose get https://registry.npmjs.org/ms not expired, no request
366 silly cache afterAdd ms@0.6.2
367 verbose afterAdd /Users/adam2/.npm/ms/0.6.2/package/package.json not in flight; writing
368 verbose afterAdd /Users/adam2/.npm/ms/0.6.2/package/package.json written
369 silly fetchNamedPackageData debug
370 silly mapToRegistry name debug
371 silly mapToRegistry using default registry
372 silly mapToRegistry registry https://registry.npmjs.org/
373 silly mapToRegistry uri https://registry.npmjs.org/debug
374 silly resolveWithNewModule debug@1.0.3 checking installable status
375 silly cache add args [ 'debug@1.0.3', null ]
376 verbose cache add spec debug@1.0.3
377 silly fetchNamedPackageData engine.io-parser
378 silly mapToRegistry name engine.io-parser
379 silly mapToRegistry using default registry
380 silly mapToRegistry registry https://registry.npmjs.org/
381 silly mapToRegistry uri https://registry.npmjs.org/engine.io-parser
382 silly fetchNamedPackageData ws
383 silly mapToRegistry name ws
384 silly mapToRegistry using default registry
385 silly mapToRegistry registry https://registry.npmjs.org/
386 silly mapToRegistry uri https://registry.npmjs.org/ws
387 silly cache add parsed spec Result {
387 silly cache add   raw: 'debug@1.0.3',
387 silly cache add   scope: null,
387 silly cache add   name: 'debug',
387 silly cache add   rawSpec: '1.0.3',
387 silly cache add   spec: '1.0.3',
387 silly cache add   type: 'version' }
388 silly addNamed debug@1.0.3
389 verbose addNamed "1.0.3" is a plain semver version for debug
390 silly mapToRegistry name debug
391 silly mapToRegistry using default registry
392 silly mapToRegistry registry https://registry.npmjs.org/
393 silly mapToRegistry uri https://registry.npmjs.org/debug
394 verbose addNameVersion registry:https://registry.npmjs.org/debug not in flight; fetching
395 verbose request uri https://registry.npmjs.org/engine.io-parser
396 verbose request no auth needed
397 info attempt registry request try #1 at 12:03:39 AM
398 verbose etag "B4LACT95VF025J14B9FXYAUXK"
399 http request GET https://registry.npmjs.org/engine.io-parser
400 verbose get https://registry.npmjs.org/debug not expired, no request
401 verbose request uri https://registry.npmjs.org/ws
402 verbose request no auth needed
403 info attempt registry request try #1 at 12:03:39 AM
404 verbose etag "3U8BIOA0V4NQ9Q170CP12V98I"
405 http request GET https://registry.npmjs.org/ws
406 silly cache afterAdd debug@1.0.3
407 verbose afterAdd /Users/adam2/.npm/debug/1.0.3/package/package.json not in flight; writing
408 verbose afterAdd /Users/adam2/.npm/debug/1.0.3/package/package.json written
409 http 304 https://registry.npmjs.org/ws
410 verbose headers { date: 'Wed, 13 Apr 2016 04:03:40 GMT',
410 verbose headers   via: '1.1 varnish',
410 verbose headers   'cache-control': 'max-age=300',
410 verbose headers   etag: '"3U8BIOA0V4NQ9Q170CP12V98I"',
410 verbose headers   age: '270',
410 verbose headers   connection: 'keep-alive',
410 verbose headers   'x-served-by': 'cache-jfk1034-JFK',
410 verbose headers   'x-cache': 'HIT',
410 verbose headers   'x-cache-hits': '3',
410 verbose headers   'x-timer': 'S1460520220.270297,VS0,VE0',
410 verbose headers   vary: 'Accept-Encoding' }
411 silly get cb [ 304,
411 silly get   { date: 'Wed, 13 Apr 2016 04:03:40 GMT',
411 silly get     via: '1.1 varnish',
411 silly get     'cache-control': 'max-age=300',
411 silly get     etag: '"3U8BIOA0V4NQ9Q170CP12V98I"',
411 silly get     age: '270',
411 silly get     connection: 'keep-alive',
411 silly get     'x-served-by': 'cache-jfk1034-JFK',
411 silly get     'x-cache': 'HIT',
411 silly get     'x-cache-hits': '3',
411 silly get     'x-timer': 'S1460520220.270297,VS0,VE0',
411 silly get     vary: 'Accept-Encoding' } ]
412 verbose etag https://registry.npmjs.org/ws from cache
413 verbose get saving ws to /Users/adam2/.npm/registry.npmjs.org/ws/.cache.json
414 http 304 https://registry.npmjs.org/engine.io-parser
415 verbose headers { date: 'Wed, 13 Apr 2016 04:03:40 GMT',
415 verbose headers   via: '1.1 varnish',
415 verbose headers   'cache-control': 'max-age=300',
415 verbose headers   etag: '"B4LACT95VF025J14B9FXYAUXK"',
415 verbose headers   age: '56',
415 verbose headers   connection: 'keep-alive',
415 verbose headers   'x-served-by': 'cache-jfk1028-JFK',
415 verbose headers   'x-cache': 'HIT',
415 verbose headers   'x-cache-hits': '80',
415 verbose headers   'x-timer': 'S1460520220.269730,VS0,VE0',
415 verbose headers   vary: 'Accept-Encoding' }
416 silly get cb [ 304,
416 silly get   { date: 'Wed, 13 Apr 2016 04:03:40 GMT',
416 silly get     via: '1.1 varnish',
416 silly get     'cache-control': 'max-age=300',
416 silly get     etag: '"B4LACT95VF025J14B9FXYAUXK"',
416 silly get     age: '56',
416 silly get     connection: 'keep-alive',
416 silly get     'x-served-by': 'cache-jfk1028-JFK',
416 silly get     'x-cache': 'HIT',
416 silly get     'x-cache-hits': '80',
416 silly get     'x-timer': 'S1460520220.269730,VS0,VE0',
416 silly get     vary: 'Accept-Encoding' } ]
417 verbose etag https://registry.npmjs.org/engine.io-parser from cache
418 verbose get saving engine.io-parser to /Users/adam2/.npm/registry.npmjs.org/engine.io-parser/.cache.json
419 silly resolveWithNewModule engine.io-parser@1.2.2 checking installable status
420 silly cache add args [ 'engine.io-parser@1.2.2', null ]
421 verbose cache add spec engine.io-parser@1.2.2
422 silly cache add parsed spec Result {
422 silly cache add   raw: 'engine.io-parser@1.2.2',
422 silly cache add   scope: null,
422 silly cache add   name: 'engine.io-parser',
422 silly cache add   rawSpec: '1.2.2',
422 silly cache add   spec: '1.2.2',
422 silly cache add   type: 'version' }
423 silly addNamed engine.io-parser@1.2.2
424 verbose addNamed "1.2.2" is a plain semver version for engine.io-parser
425 silly mapToRegistry name engine.io-parser
426 silly mapToRegistry using default registry
427 silly mapToRegistry registry https://registry.npmjs.org/
428 silly mapToRegistry uri https://registry.npmjs.org/engine.io-parser
429 verbose addNameVersion registry:https://registry.npmjs.org/engine.io-parser not in flight; fetching
430 silly resolveWithNewModule ws@0.8.0 checking installable status
431 silly cache add args [ 'ws@0.8.0', null ]
432 verbose cache add spec ws@0.8.0
433 silly cache add parsed spec Result {
433 silly cache add   raw: 'ws@0.8.0',
433 silly cache add   scope: null,
433 silly cache add   name: 'ws',
433 silly cache add   rawSpec: '0.8.0',
433 silly cache add   spec: '0.8.0',
433 silly cache add   type: 'version' }
434 silly addNamed ws@0.8.0
435 verbose addNamed "0.8.0" is a plain semver version for ws
436 silly mapToRegistry name ws
437 silly mapToRegistry using default registry
438 silly mapToRegistry registry https://registry.npmjs.org/
439 silly mapToRegistry uri https://registry.npmjs.org/ws
440 verbose addNameVersion registry:https://registry.npmjs.org/ws not in flight; fetching
441 verbose get https://registry.npmjs.org/engine.io-parser not expired, no request
442 verbose get https://registry.npmjs.org/ws not expired, no request
443 silly cache afterAdd engine.io-parser@1.2.2
444 verbose afterAdd /Users/adam2/.npm/engine.io-parser/1.2.2/package/package.json not in flight; writing
445 verbose afterAdd /Users/adam2/.npm/engine.io-parser/1.2.2/package/package.json written
446 silly cache afterAdd ws@0.8.0
447 verbose afterAdd /Users/adam2/.npm/ws/0.8.0/package/package.json not in flight; writing
448 verbose afterAdd /Users/adam2/.npm/ws/0.8.0/package/package.json written
449 silly fetchNamedPackageData ms
450 silly mapToRegistry name ms
451 silly mapToRegistry using default registry
452 silly mapToRegistry registry https://registry.npmjs.org/
453 silly mapToRegistry uri https://registry.npmjs.org/ms
454 silly fetchNamedPackageData has-binary
455 silly mapToRegistry name has-binary
456 silly mapToRegistry using default registry
457 silly mapToRegistry registry https://registry.npmjs.org/
458 silly mapToRegistry uri https://registry.npmjs.org/has-binary
459 verbose request uri https://registry.npmjs.org/has-binary
460 verbose request no auth needed
461 info attempt registry request try #1 at 12:03:39 AM
462 verbose etag "54IA64EVLMM2KU65063PQEFYU"
463 http request GET https://registry.npmjs.org/has-binary
464 http 200 https://registry.npmjs.org/has-binary
465 verbose headers { server: 'CouchDB/1.5.0 (Erlang OTP/R16B03)',
465 verbose headers   etag: '"7SZZVPEDE99O4WGHVZBLF2MR0"',
465 verbose headers   'content-type': 'application/json',
465 verbose headers   'content-encoding': 'gzip',
465 verbose headers   'cache-control': 'max-age=300',
465 verbose headers   'content-length': '893',
465 verbose headers   'accept-ranges': 'bytes',
465 verbose headers   date: 'Wed, 13 Apr 2016 04:03:40 GMT',
465 verbose headers   via: '1.1 varnish',
465 verbose headers   age: '8',
465 verbose headers   connection: 'keep-alive',
465 verbose headers   'x-served-by': 'cache-jfk1044-JFK',
465 verbose headers   'x-cache': 'HIT',
465 verbose headers   'x-cache-hits': '1',
465 verbose headers   'x-timer': 'S1460520220.397090,VS0,VE0',
465 verbose headers   vary: 'Accept-Encoding' }
466 silly get cb [ 200,
466 silly get   { server: 'CouchDB/1.5.0 (Erlang OTP/R16B03)',
466 silly get     etag: '"7SZZVPEDE99O4WGHVZBLF2MR0"',
466 silly get     'content-type': 'application/json',
466 silly get     'content-encoding': 'gzip',
466 silly get     'cache-control': 'max-age=300',
466 silly get     'content-length': '893',
466 silly get     'accept-ranges': 'bytes',
466 silly get     date: 'Wed, 13 Apr 2016 04:03:40 GMT',
466 silly get     via: '1.1 varnish',
466 silly get     age: '8',
466 silly get     connection: 'keep-alive',
466 silly get     'x-served-by': 'cache-jfk1044-JFK',
466 silly get     'x-cache': 'HIT',
466 silly get     'x-cache-hits': '1',
466 silly get     'x-timer': 'S1460520220.397090,VS0,VE0',
466 silly get     vary: 'Accept-Encoding' } ]
467 verbose get saving has-binary to /Users/adam2/.npm/registry.npmjs.org/has-binary/.cache.json
468 silly resolveWithNewModule has-binary@0.1.6 checking installable status
469 silly cache add args [ 'has-binary@0.1.6', null ]
470 verbose cache add spec has-binary@0.1.6
471 silly cache add parsed spec Result {
471 silly cache add   raw: 'has-binary@0.1.6',
471 silly cache add   scope: null,
471 silly cache add   name: 'has-binary',
471 silly cache add   rawSpec: '0.1.6',
471 silly cache add   spec: '0.1.6',
471 silly cache add   type: 'version' }
472 silly addNamed has-binary@0.1.6
473 verbose addNamed "0.1.6" is a plain semver version for has-binary
474 silly mapToRegistry name has-binary
475 silly mapToRegistry using default registry
476 silly mapToRegistry registry https://registry.npmjs.org/
477 silly mapToRegistry uri https://registry.npmjs.org/has-binary
478 verbose addNameVersion registry:https://registry.npmjs.org/has-binary not in flight; fetching
479 verbose get https://registry.npmjs.org/has-binary not expired, no request
480 silly cache afterAdd has-binary@0.1.6
481 verbose afterAdd /Users/adam2/.npm/has-binary/0.1.6/package/package.json not in flight; writing
482 verbose afterAdd /Users/adam2/.npm/has-binary/0.1.6/package/package.json written
483 silly fetchNamedPackageData bufferutil
484 silly mapToRegistry name bufferutil
485 silly mapToRegistry using default registry
486 silly mapToRegistry registry https://registry.npmjs.org/
487 silly mapToRegistry uri https://registry.npmjs.org/bufferutil
488 silly fetchNamedPackageData utf-8-validate
489 silly mapToRegistry name utf-8-validate
490 silly mapToRegistry using default registry
491 silly mapToRegistry registry https://registry.npmjs.org/
492 silly mapToRegistry uri https://registry.npmjs.org/utf-8-validate
493 verbose request uri https://registry.npmjs.org/bufferutil
494 verbose request no auth needed
495 info attempt registry request try #1 at 12:03:39 AM
496 verbose etag "9NLYGHUX8MGYC2LICJDWKWNPW"
497 http request GET https://registry.npmjs.org/bufferutil
498 verbose request uri https://registry.npmjs.org/utf-8-validate
499 verbose request no auth needed
500 info attempt registry request try #1 at 12:03:39 AM
501 verbose etag "E7XYFT7FUBMH6H6XYWMIRAGJ0"
502 http request GET https://registry.npmjs.org/utf-8-validate
503 http 304 https://registry.npmjs.org/utf-8-validate
504 verbose headers { date: 'Wed, 13 Apr 2016 04:03:40 GMT',
504 verbose headers   via: '1.1 varnish',
504 verbose headers   'cache-control': 'max-age=300',
504 verbose headers   etag: '"E7XYFT7FUBMH6H6XYWMIRAGJ0"',
504 verbose headers   age: '223',
504 verbose headers   connection: 'keep-alive',
504 verbose headers   'x-served-by': 'cache-jfk1048-JFK',
504 verbose headers   'x-cache': 'HIT',
504 verbose headers   'x-cache-hits': '1',
504 verbose headers   'x-timer': 'S1460520220.515663,VS0,VE0',
504 verbose headers   vary: 'Accept-Encoding' }
505 silly get cb [ 304,
505 silly get   { date: 'Wed, 13 Apr 2016 04:03:40 GMT',
505 silly get     via: '1.1 varnish',
505 silly get     'cache-control': 'max-age=300',
505 silly get     etag: '"E7XYFT7FUBMH6H6XYWMIRAGJ0"',
505 silly get     age: '223',
505 silly get     connection: 'keep-alive',
505 silly get     'x-served-by': 'cache-jfk1048-JFK',
505 silly get     'x-cache': 'HIT',
505 silly get     'x-cache-hits': '1',
505 silly get     'x-timer': 'S1460520220.515663,VS0,VE0',
505 silly get     vary: 'Accept-Encoding' } ]
506 verbose etag https://registry.npmjs.org/utf-8-validate from cache
507 verbose get saving utf-8-validate to /Users/adam2/.npm/registry.npmjs.org/utf-8-validate/.cache.json
508 silly resolveWithNewModule utf-8-validate@1.2.1 checking installable status
509 silly cache add args [ 'utf-8-validate@1.2.x', null ]
510 verbose cache add spec utf-8-validate@1.2.x
511 silly cache add parsed spec Result {
511 silly cache add   raw: 'utf-8-validate@1.2.x',
511 silly cache add   scope: null,
511 silly cache add   name: 'utf-8-validate',
511 silly cache add   rawSpec: '1.2.x',
511 silly cache add   spec: '>=1.2.0 <1.3.0',
511 silly cache add   type: 'range' }
512 silly addNamed utf-8-validate@>=1.2.0 <1.3.0
513 verbose addNamed ">=1.2.0 <1.3.0" is a valid semver range for utf-8-validate
514 silly addNameRange { name: 'utf-8-validate',
514 silly addNameRange   range: '>=1.2.0 <1.3.0',
514 silly addNameRange   hasData: false }
515 silly mapToRegistry name utf-8-validate
516 silly mapToRegistry using default registry
517 silly mapToRegistry registry https://registry.npmjs.org/
518 silly mapToRegistry uri https://registry.npmjs.org/utf-8-validate
519 verbose addNameRange registry:https://registry.npmjs.org/utf-8-validate not in flight; fetching
520 verbose get https://registry.npmjs.org/utf-8-validate not expired, no request
521 silly addNameRange number 2 { name: 'utf-8-validate',
521 silly addNameRange   range: '>=1.2.0 <1.3.0',
521 silly addNameRange   hasData: true }
522 silly addNameRange versions [ 'utf-8-validate',
522 silly addNameRange   [ '1.0.0', '1.0.1', '1.1.0', '1.2.0', '1.2.1' ] ]
523 silly addNamed utf-8-validate@1.2.1
524 verbose addNamed "1.2.1" is a plain semver version for utf-8-validate
525 silly cache afterAdd utf-8-validate@1.2.1
526 verbose afterAdd /Users/adam2/.npm/utf-8-validate/1.2.1/package/package.json not in flight; writing
527 verbose afterAdd /Users/adam2/.npm/utf-8-validate/1.2.1/package/package.json written
528 http 304 https://registry.npmjs.org/bufferutil
529 verbose headers { date: 'Wed, 13 Apr 2016 04:03:40 GMT',
529 verbose headers   via: '1.1 varnish',
529 verbose headers   'cache-control': 'max-age=300',
529 verbose headers   etag: '"9NLYGHUX8MGYC2LICJDWKWNPW"',
529 verbose headers   age: '156',
529 verbose headers   connection: 'keep-alive',
529 verbose headers   'x-served-by': 'cache-jfk1040-JFK',
529 verbose headers   'x-cache': 'HIT',
529 verbose headers   'x-cache-hits': '4',
529 verbose headers   'x-timer': 'S1460520220.535523,VS0,VE0',
529 verbose headers   vary: 'Accept-Encoding' }
530 silly get cb [ 304,
530 silly get   { date: 'Wed, 13 Apr 2016 04:03:40 GMT',
530 silly get     via: '1.1 varnish',
530 silly get     'cache-control': 'max-age=300',
530 silly get     etag: '"9NLYGHUX8MGYC2LICJDWKWNPW"',
530 silly get     age: '156',
530 silly get     connection: 'keep-alive',
530 silly get     'x-served-by': 'cache-jfk1040-JFK',
530 silly get     'x-cache': 'HIT',
530 silly get     'x-cache-hits': '4',
530 silly get     'x-timer': 'S1460520220.535523,VS0,VE0',
530 silly get     vary: 'Accept-Encoding' } ]
531 verbose etag https://registry.npmjs.org/bufferutil from cache
532 verbose get saving bufferutil to /Users/adam2/.npm/registry.npmjs.org/bufferutil/.cache.json
533 silly resolveWithNewModule bufferutil@1.2.1 checking installable status
534 silly cache add args [ 'bufferutil@1.2.x', null ]
535 verbose cache add spec bufferutil@1.2.x
536 silly cache add parsed spec Result {
536 silly cache add   raw: 'bufferutil@1.2.x',
536 silly cache add   scope: null,
536 silly cache add   name: 'bufferutil',
536 silly cache add   rawSpec: '1.2.x',
536 silly cache add   spec: '>=1.2.0 <1.3.0',
536 silly cache add   type: 'range' }
537 silly addNamed bufferutil@>=1.2.0 <1.3.0
538 verbose addNamed ">=1.2.0 <1.3.0" is a valid semver range for bufferutil
539 silly addNameRange { name: 'bufferutil', range: '>=1.2.0 <1.3.0', hasData: false }
540 silly mapToRegistry name bufferutil
541 silly mapToRegistry using default registry
542 silly mapToRegistry registry https://registry.npmjs.org/
543 silly mapToRegistry uri https://registry.npmjs.org/bufferutil
544 verbose addNameRange registry:https://registry.npmjs.org/bufferutil not in flight; fetching
545 verbose get https://registry.npmjs.org/bufferutil not expired, no request
546 silly addNameRange number 2 { name: 'bufferutil', range: '>=1.2.0 <1.3.0', hasData: true }
547 silly addNameRange versions [ 'bufferutil',
547 silly addNameRange   [ '1.0.0', '1.0.1', '1.1.0', '1.2.0', '1.2.1' ] ]
548 silly addNamed bufferutil@1.2.1
549 verbose addNamed "1.2.1" is a plain semver version for bufferutil
550 silly cache afterAdd bufferutil@1.2.1
551 verbose afterAdd /Users/adam2/.npm/bufferutil/1.2.1/package/package.json not in flight; writing
552 verbose afterAdd /Users/adam2/.npm/bufferutil/1.2.1/package/package.json written
553 silly fetchNamedPackageData debug
554 silly mapToRegistry name debug
555 silly mapToRegistry using default registry
556 silly mapToRegistry registry https://registry.npmjs.org/
557 silly mapToRegistry uri https://registry.npmjs.org/debug
558 silly resolveWithNewModule debug@1.0.2 checking installable status
559 silly cache add args [ 'debug@1.0.2', null ]
560 verbose cache add spec debug@1.0.2
561 silly fetchNamedPackageData socket.io-parser
562 silly mapToRegistry name socket.io-parser
563 silly mapToRegistry using default registry
564 silly mapToRegistry registry https://registry.npmjs.org/
565 silly mapToRegistry uri https://registry.npmjs.org/socket.io-parser
566 silly resolveWithNewModule socket.io-parser@2.2.2 checking installable status
567 silly cache add args [ 'socket.io-parser@2.2.2', null ]
568 verbose cache add spec socket.io-parser@2.2.2
569 silly fetchNamedPackageData object-keys
570 silly mapToRegistry name object-keys
571 silly mapToRegistry using default registry
572 silly mapToRegistry registry https://registry.npmjs.org/
573 silly mapToRegistry uri https://registry.npmjs.org/object-keys
574 silly cache add parsed spec Result {
574 silly cache add   raw: 'debug@1.0.2',
574 silly cache add   scope: null,
574 silly cache add   name: 'debug',
574 silly cache add   rawSpec: '1.0.2',
574 silly cache add   spec: '1.0.2',
574 silly cache add   type: 'version' }
575 silly addNamed debug@1.0.2
576 verbose addNamed "1.0.2" is a plain semver version for debug
577 silly mapToRegistry name debug
578 silly mapToRegistry using default registry
579 silly mapToRegistry registry https://registry.npmjs.org/
580 silly mapToRegistry uri https://registry.npmjs.org/debug
581 verbose addNameVersion registry:https://registry.npmjs.org/debug not in flight; fetching
582 silly cache add parsed spec Result {
582 silly cache add   raw: 'socket.io-parser@2.2.2',
582 silly cache add   scope: null,
582 silly cache add   name: 'socket.io-parser',
582 silly cache add   rawSpec: '2.2.2',
582 silly cache add   spec: '2.2.2',
582 silly cache add   type: 'version' }
583 silly addNamed socket.io-parser@2.2.2
584 verbose addNamed "2.2.2" is a plain semver version for socket.io-parser
585 silly mapToRegistry name socket.io-parser
586 silly mapToRegistry using default registry
587 silly mapToRegistry registry https://registry.npmjs.org/
588 silly mapToRegistry uri https://registry.npmjs.org/socket.io-parser
589 verbose addNameVersion registry:https://registry.npmjs.org/socket.io-parser not in flight; fetching
590 verbose get https://registry.npmjs.org/debug not expired, no request
591 verbose get https://registry.npmjs.org/socket.io-parser not expired, no request
592 verbose request uri https://registry.npmjs.org/object-keys
593 verbose request no auth needed
594 info attempt registry request try #1 at 12:03:40 AM
595 verbose etag "9UYOOOWNVI5L8X8INS4P8Z6ZP"
596 http request GET https://registry.npmjs.org/object-keys
597 silly cache afterAdd socket.io-parser@2.2.2
598 verbose afterAdd /Users/adam2/.npm/socket.io-parser/2.2.2/package/package.json not in flight; writing
599 silly cache afterAdd debug@1.0.2
600 verbose afterAdd /Users/adam2/.npm/debug/1.0.2/package/package.json not in flight; writing
601 verbose afterAdd /Users/adam2/.npm/socket.io-parser/2.2.2/package/package.json written
602 verbose afterAdd /Users/adam2/.npm/debug/1.0.2/package/package.json written
603 http 304 https://registry.npmjs.org/object-keys
604 verbose headers { date: 'Wed, 13 Apr 2016 04:03:40 GMT',
604 verbose headers   via: '1.1 varnish',
604 verbose headers   'cache-control': 'max-age=300',
604 verbose headers   etag: '"9UYOOOWNVI5L8X8INS4P8Z6ZP"',
604 verbose headers   age: '60',
604 verbose headers   connection: 'keep-alive',
604 verbose headers   'x-served-by': 'cache-jfk1023-JFK',
604 verbose headers   'x-cache': 'HIT',
604 verbose headers   'x-cache-hits': '1',
604 verbose headers   'x-timer': 'S1460520220.752988,VS0,VE0',
604 verbose headers   vary: 'Accept-Encoding' }
605 silly get cb [ 304,
605 silly get   { date: 'Wed, 13 Apr 2016 04:03:40 GMT',
605 silly get     via: '1.1 varnish',
605 silly get     'cache-control': 'max-age=300',
605 silly get     etag: '"9UYOOOWNVI5L8X8INS4P8Z6ZP"',
605 silly get     age: '60',
605 silly get     connection: 'keep-alive',
605 silly get     'x-served-by': 'cache-jfk1023-JFK',
605 silly get     'x-cache': 'HIT',
605 silly get     'x-cache-hits': '1',
605 silly get     'x-timer': 'S1460520220.752988,VS0,VE0',
605 silly get     vary: 'Accept-Encoding' } ]
606 verbose etag https://registry.npmjs.org/object-keys from cache
607 verbose get saving object-keys to /Users/adam2/.npm/registry.npmjs.org/object-keys/.cache.json
608 silly resolveWithNewModule object-keys@1.0.1 checking installable status
609 silly cache add args [ 'object-keys@1.0.1', null ]
610 verbose cache add spec object-keys@1.0.1
611 silly cache add parsed spec Result {
611 silly cache add   raw: 'object-keys@1.0.1',
611 silly cache add   scope: null,
611 silly cache add   name: 'object-keys',
611 silly cache add   rawSpec: '1.0.1',
611 silly cache add   spec: '1.0.1',
611 silly cache add   type: 'version' }
612 silly addNamed object-keys@1.0.1
613 verbose addNamed "1.0.1" is a plain semver version for object-keys
614 silly mapToRegistry name object-keys
615 silly mapToRegistry using default registry
616 silly mapToRegistry registry https://registry.npmjs.org/
617 silly mapToRegistry uri https://registry.npmjs.org/object-keys
618 verbose addNameVersion registry:https://registry.npmjs.org/object-keys not in flight; fetching
619 verbose get https://registry.npmjs.org/object-keys not expired, no request
620 silly cache afterAdd object-keys@1.0.1
621 verbose afterAdd /Users/adam2/.npm/object-keys/1.0.1/package/package.json not in flight; writing
622 verbose afterAdd /Users/adam2/.npm/object-keys/1.0.1/package/package.json written
623 silly fetchNamedPackageData ms
624 silly mapToRegistry name ms
625 silly mapToRegistry using default registry
626 silly mapToRegistry registry https://registry.npmjs.org/
627 silly mapToRegistry uri https://registry.npmjs.org/ms
628 silly fetchNamedPackageData debug
629 silly mapToRegistry name debug
630 silly mapToRegistry using default registry
631 silly mapToRegistry registry https://registry.npmjs.org/
632 silly mapToRegistry uri https://registry.npmjs.org/debug
633 silly resolveWithNewModule debug@0.7.4 checking installable status
634 silly cache add args [ 'debug@0.7.4', null ]
635 verbose cache add spec debug@0.7.4
636 silly cache add parsed spec Result {
636 silly cache add   raw: 'debug@0.7.4',
636 silly cache add   scope: null,
636 silly cache add   name: 'debug',
636 silly cache add   rawSpec: '0.7.4',
636 silly cache add   spec: '0.7.4',
636 silly cache add   type: 'version' }
637 silly addNamed debug@0.7.4
638 verbose addNamed "0.7.4" is a plain semver version for debug
639 silly mapToRegistry name debug
640 silly mapToRegistry using default registry
641 silly mapToRegistry registry https://registry.npmjs.org/
642 silly mapToRegistry uri https://registry.npmjs.org/debug
643 verbose addNameVersion registry:https://registry.npmjs.org/debug not in flight; fetching
644 verbose get https://registry.npmjs.org/debug not expired, no request
645 silly cache afterAdd debug@0.7.4
646 verbose afterAdd /Users/adam2/.npm/debug/0.7.4/package/package.json not in flight; writing
647 verbose afterAdd /Users/adam2/.npm/debug/0.7.4/package/package.json written
648 silly fetchNamedPackageData debug
649 silly mapToRegistry name debug
650 silly mapToRegistry using default registry
651 silly mapToRegistry registry https://registry.npmjs.org/
652 silly mapToRegistry uri https://registry.npmjs.org/debug
653 silly resolveWithNewModule debug@0.7.4 checking installable status
654 silly cache add args [ 'debug@0.7.4', null ]
655 verbose cache add spec debug@0.7.4
656 silly fetchNamedPackageData engine.io-client
657 silly mapToRegistry name engine.io-client
658 silly mapToRegistry using default registry
659 silly mapToRegistry registry https://registry.npmjs.org/
660 silly mapToRegistry uri https://registry.npmjs.org/engine.io-client
661 silly fetchNamedPackageData parseuri
662 silly mapToRegistry name parseuri
663 silly mapToRegistry using default registry
664 silly mapToRegistry registry https://registry.npmjs.org/
665 silly mapToRegistry uri https://registry.npmjs.org/parseuri
666 silly fetchNamedPackageData to-array
667 silly mapToRegistry name to-array
668 silly mapToRegistry using default registry
669 silly mapToRegistry registry https://registry.npmjs.org/
670 silly mapToRegistry uri https://registry.npmjs.org/to-array
671 silly cache add parsed spec Result {
671 silly cache add   raw: 'debug@0.7.4',
671 silly cache add   scope: null,
671 silly cache add   name: 'debug',
671 silly cache add   rawSpec: '0.7.4',
671 silly cache add   spec: '0.7.4',
671 silly cache add   type: 'version' }
672 silly addNamed debug@0.7.4
673 verbose addNamed "0.7.4" is a plain semver version for debug
674 silly mapToRegistry name debug
675 silly mapToRegistry using default registry
676 silly mapToRegistry registry https://registry.npmjs.org/
677 silly mapToRegistry uri https://registry.npmjs.org/debug
678 verbose addNameVersion registry:https://registry.npmjs.org/debug not in flight; fetching
679 verbose request uri https://registry.npmjs.org/parseuri
680 verbose request no auth needed
681 info attempt registry request try #1 at 12:03:40 AM
682 verbose etag "5706K797GRKZN22PW92FLL2DK"
683 http request GET https://registry.npmjs.org/parseuri
684 verbose request uri https://registry.npmjs.org/engine.io-client
685 verbose request no auth needed
686 info attempt registry request try #1 at 12:03:40 AM
687 verbose etag "BC0ODR2KWK1WKHX3715XZ52YO"
688 http request GET https://registry.npmjs.org/engine.io-client
689 verbose request uri https://registry.npmjs.org/to-array
690 verbose request no auth needed
691 info attempt registry request try #1 at 12:03:40 AM
692 verbose etag "7W2SB8XU19O6MR1O5N1YA0R8Q"
693 http request GET https://registry.npmjs.org/to-array
694 verbose get https://registry.npmjs.org/debug not expired, no request
695 silly cache afterAdd debug@0.7.4
696 verbose afterAdd /Users/adam2/.npm/debug/0.7.4/package/package.json not in flight; writing
697 verbose afterAdd /Users/adam2/.npm/debug/0.7.4/package/package.json written
698 http 304 https://registry.npmjs.org/parseuri
699 verbose headers { date: 'Wed, 13 Apr 2016 04:03:40 GMT',
699 verbose headers   via: '1.1 varnish',
699 verbose headers   'cache-control': 'max-age=300',
699 verbose headers   etag: '"5706K797GRKZN22PW92FLL2DK"',
699 verbose headers   age: '270',
699 verbose headers   connection: 'keep-alive',
699 verbose headers   'x-served-by': 'cache-jfk1046-JFK',
699 verbose headers   'x-cache': 'HIT',
699 verbose headers   'x-cache-hits': '4',
699 verbose headers   'x-timer': 'S1460520220.919077,VS0,VE0',
699 verbose headers   vary: 'Accept-Encoding' }
700 silly get cb [ 304,
700 silly get   { date: 'Wed, 13 Apr 2016 04:03:40 GMT',
700 silly get     via: '1.1 varnish',
700 silly get     'cache-control': 'max-age=300',
700 silly get     etag: '"5706K797GRKZN22PW92FLL2DK"',
700 silly get     age: '270',
700 silly get     connection: 'keep-alive',
700 silly get     'x-served-by': 'cache-jfk1046-JFK',
700 silly get     'x-cache': 'HIT',
700 silly get     'x-cache-hits': '4',
700 silly get     'x-timer': 'S1460520220.919077,VS0,VE0',
700 silly get     vary: 'Accept-Encoding' } ]
701 verbose etag https://registry.npmjs.org/parseuri from cache
702 verbose get saving parseuri to /Users/adam2/.npm/registry.npmjs.org/parseuri/.cache.json
703 http 304 https://registry.npmjs.org/to-array
704 verbose headers { date: 'Wed, 13 Apr 2016 04:03:40 GMT',
704 verbose headers   via: '1.1 varnish',
704 verbose headers   'cache-control': 'max-age=300',
704 verbose headers   etag: '"7W2SB8XU19O6MR1O5N1YA0R8Q"',
704 verbose headers   age: '39',
704 verbose headers   connection: 'keep-alive',
704 verbose headers   'x-served-by': 'cache-jfk1037-JFK',
704 verbose headers   'x-cache': 'HIT',
704 verbose headers   'x-cache-hits': '2',
704 verbose headers   'x-timer': 'S1460520220.919093,VS0,VE0',
704 verbose headers   vary: 'Accept-Encoding' }
705 silly get cb [ 304,
705 silly get   { date: 'Wed, 13 Apr 2016 04:03:40 GMT',
705 silly get     via: '1.1 varnish',
705 silly get     'cache-control': 'max-age=300',
705 silly get     etag: '"7W2SB8XU19O6MR1O5N1YA0R8Q"',
705 silly get     age: '39',
705 silly get     connection: 'keep-alive',
705 silly get     'x-served-by': 'cache-jfk1037-JFK',
705 silly get     'x-cache': 'HIT',
705 silly get     'x-cache-hits': '2',
705 silly get     'x-timer': 'S1460520220.919093,VS0,VE0',
705 silly get     vary: 'Accept-Encoding' } ]
706 verbose etag https://registry.npmjs.org/to-array from cache
707 verbose get saving to-array to /Users/adam2/.npm/registry.npmjs.org/to-array/.cache.json
708 http 304 https://registry.npmjs.org/engine.io-client
709 verbose headers { date: 'Wed, 13 Apr 2016 04:03:40 GMT',
709 verbose headers   via: '1.1 varnish',
709 verbose headers   'cache-control': 'max-age=300',
709 verbose headers   etag: '"BC0ODR2KWK1WKHX3715XZ52YO"',
709 verbose headers   age: '39',
709 verbose headers   connection: 'keep-alive',
709 verbose headers   'x-served-by': 'cache-jfk1023-JFK',
709 verbose headers   'x-cache': 'HIT',
709 verbose headers   'x-cache-hits': '2',
709 verbose headers   'x-timer': 'S1460520220.920742,VS0,VE0',
709 verbose headers   vary: 'Accept-Encoding' }
710 silly get cb [ 304,
710 silly get   { date: 'Wed, 13 Apr 2016 04:03:40 GMT',
710 silly get     via: '1.1 varnish',
710 silly get     'cache-control': 'max-age=300',
710 silly get     etag: '"BC0ODR2KWK1WKHX3715XZ52YO"',
710 silly get     age: '39',
710 silly get     connection: 'keep-alive',
710 silly get     'x-served-by': 'cache-jfk1023-JFK',
710 silly get     'x-cache': 'HIT',
710 silly get     'x-cache-hits': '2',
710 silly get     'x-timer': 'S1460520220.920742,VS0,VE0',
710 silly get     vary: 'Accept-Encoding' } ]
711 verbose etag https://registry.npmjs.org/engine.io-client from cache
712 verbose get saving engine.io-client to /Users/adam2/.npm/registry.npmjs.org/engine.io-client/.cache.json
713 silly resolveWithNewModule to-array@0.1.3 checking installable status
714 silly cache add args [ 'to-array@0.1.3', null ]
715 verbose cache add spec to-array@0.1.3
716 silly cache add parsed spec Result {
716 silly cache add   raw: 'to-array@0.1.3',
716 silly cache add   scope: null,
716 silly cache add   name: 'to-array',
716 silly cache add   rawSpec: '0.1.3',
716 silly cache add   spec: '0.1.3',
716 silly cache add   type: 'version' }
717 silly addNamed to-array@0.1.3
718 verbose addNamed "0.1.3" is a plain semver version for to-array
719 silly mapToRegistry name to-array
720 silly mapToRegistry using default registry
721 silly mapToRegistry registry https://registry.npmjs.org/
722 silly mapToRegistry uri https://registry.npmjs.org/to-array
723 verbose addNameVersion registry:https://registry.npmjs.org/to-array not in flight; fetching
724 silly resolveWithNewModule parseuri@0.0.2 checking installable status
725 silly cache add args [ 'parseuri@0.0.2', null ]
726 verbose cache add spec parseuri@0.0.2
727 silly cache add parsed spec Result {
727 silly cache add   raw: 'parseuri@0.0.2',
727 silly cache add   scope: null,
727 silly cache add   name: 'parseuri',
727 silly cache add   rawSpec: '0.0.2',
727 silly cache add   spec: '0.0.2',
727 silly cache add   type: 'version' }
728 silly addNamed parseuri@0.0.2
729 verbose addNamed "0.0.2" is a plain semver version for parseuri
730 silly mapToRegistry name parseuri
731 silly mapToRegistry using default registry
732 silly mapToRegistry registry https://registry.npmjs.org/
733 silly mapToRegistry uri https://registry.npmjs.org/parseuri
734 verbose addNameVersion registry:https://registry.npmjs.org/parseuri not in flight; fetching
735 silly resolveWithNewModule engine.io-client@1.5.4 checking installable status
736 silly cache add args [ 'engine.io-client@1.5.4', null ]
737 verbose cache add spec engine.io-client@1.5.4
738 silly cache add parsed spec Result {
738 silly cache add   raw: 'engine.io-client@1.5.4',
738 silly cache add   scope: null,
738 silly cache add   name: 'engine.io-client',
738 silly cache add   rawSpec: '1.5.4',
738 silly cache add   spec: '1.5.4',
738 silly cache add   type: 'version' }
739 silly addNamed engine.io-client@1.5.4
740 verbose addNamed "1.5.4" is a plain semver version for engine.io-client
741 silly mapToRegistry name engine.io-client
742 silly mapToRegistry using default registry
743 silly mapToRegistry registry https://registry.npmjs.org/
744 silly mapToRegistry uri https://registry.npmjs.org/engine.io-client
745 verbose addNameVersion registry:https://registry.npmjs.org/engine.io-client not in flight; fetching
746 verbose get https://registry.npmjs.org/to-array not expired, no request
747 verbose get https://registry.npmjs.org/parseuri not expired, no request
748 verbose get https://registry.npmjs.org/engine.io-client not expired, no request
749 silly cache afterAdd parseuri@0.0.2
750 verbose afterAdd /Users/adam2/.npm/parseuri/0.0.2/package/package.json not in flight; writing
751 silly cache afterAdd to-array@0.1.3
752 verbose afterAdd /Users/adam2/.npm/to-array/0.1.3/package/package.json not in flight; writing
753 silly cache afterAdd engine.io-client@1.5.4
754 verbose afterAdd /Users/adam2/.npm/engine.io-client/1.5.4/package/package.json not in flight; writing
755 verbose afterAdd /Users/adam2/.npm/to-array/0.1.3/package/package.json written
756 verbose afterAdd /Users/adam2/.npm/parseuri/0.0.2/package/package.json written
757 verbose afterAdd /Users/adam2/.npm/engine.io-client/1.5.4/package/package.json written
758 silly fetchNamedPackageData debug
759 silly mapToRegistry name debug
760 silly mapToRegistry using default registry
761 silly mapToRegistry registry https://registry.npmjs.org/
762 silly mapToRegistry uri https://registry.npmjs.org/debug
763 silly resolveWithNewModule debug@1.0.4 checking installable status
764 silly cache add args [ 'debug@1.0.4', null ]
765 verbose cache add spec debug@1.0.4
766 silly fetchNamedPackageData has-cors
767 silly mapToRegistry name has-cors
768 silly mapToRegistry using default registry
769 silly mapToRegistry registry https://registry.npmjs.org/
770 silly mapToRegistry uri https://registry.npmjs.org/has-cors
771 silly fetchNamedPackageData parseuri
772 silly mapToRegistry name parseuri
773 silly mapToRegistry using default registry
774 silly mapToRegistry registry https://registry.npmjs.org/
775 silly mapToRegistry uri https://registry.npmjs.org/parseuri
776 silly resolveWithNewModule parseuri@0.0.4 checking installable status
777 silly cache add args [ 'parseuri@0.0.4', null ]
778 verbose cache add spec parseuri@0.0.4
779 silly cache add parsed spec Result {
779 silly cache add   raw: 'debug@1.0.4',
779 silly cache add   scope: null,
779 silly cache add   name: 'debug',
779 silly cache add   rawSpec: '1.0.4',
779 silly cache add   spec: '1.0.4',
779 silly cache add   type: 'version' }
780 silly addNamed debug@1.0.4
781 verbose addNamed "1.0.4" is a plain semver version for debug
782 silly mapToRegistry name debug
783 silly mapToRegistry using default registry
784 silly mapToRegistry registry https://registry.npmjs.org/
785 silly mapToRegistry uri https://registry.npmjs.org/debug
786 verbose addNameVersion registry:https://registry.npmjs.org/debug not in flight; fetching
787 silly cache add parsed spec Result {
787 silly cache add   raw: 'parseuri@0.0.4',
787 silly cache add   scope: null,
787 silly cache add   name: 'parseuri',
787 silly cache add   rawSpec: '0.0.4',
787 silly cache add   spec: '0.0.4',
787 silly cache add   type: 'version' }
788 silly addNamed parseuri@0.0.4
789 verbose addNamed "0.0.4" is a plain semver version for parseuri
790 silly mapToRegistry name parseuri
791 silly mapToRegistry using default registry
792 silly mapToRegistry registry https://registry.npmjs.org/
793 silly mapToRegistry uri https://registry.npmjs.org/parseuri
794 verbose addNameVersion registry:https://registry.npmjs.org/parseuri not in flight; fetching
795 silly fetchOtherPackageData xmlhttprequest@https://github.com/rase-/node-XMLHttpRequest/archive/a6b6f2.tar.gz
796 silly cache add args [ 'xmlhttprequest@https://github.com/rase-/node-XMLHttpRequest/archive/a6b6f2.tar.gz',
796 silly cache add   null ]
797 verbose cache add spec xmlhttprequest@https://github.com/rase-/node-XMLHttpRequest/archive/a6b6f2.tar.gz
798 silly cache add parsed spec Result {
798 silly cache add   raw: 'xmlhttprequest@https://github.com/rase-/node-XMLHttpRequest/archive/a6b6f2.tar.gz',
798 silly cache add   scope: null,
798 silly cache add   name: 'xmlhttprequest',
798 silly cache add   rawSpec: 'https://github.com/rase-/node-XMLHttpRequest/archive/a6b6f2.tar.gz',
798 silly cache add   spec: 'https://github.com/rase-/node-XMLHttpRequest/archive/a6b6f2.tar.gz',
798 silly cache add   type: 'remote' }
799 silly mapToRegistry name xmlhttprequest@https://github.com/rase-/node-XMLHttpRequest/archive/a6b6f2.tar.gz
800 silly mapToRegistry using default registry
801 silly mapToRegistry registry https://registry.npmjs.org/
802 silly mapToRegistry uri https://registry.npmjs.org/xmlhttprequest@https://github.com/rase-/node-XMLHttpRequest/archive/a6b6f2.tar.gz
803 verbose addRemoteTarball https://github.com/rase-/node-XMLHttpRequest/archive/a6b6f2.tar.gz not in flight; adding
804 verbose addRemoteTarball [ 'https://github.com/rase-/node-XMLHttpRequest/archive/a6b6f2.tar.gz',
804 verbose addRemoteTarball   null ]
805 verbose get https://registry.npmjs.org/debug not expired, no request
806 verbose get https://registry.npmjs.org/parseuri not expired, no request
807 verbose request uri https://registry.npmjs.org/has-cors
808 verbose request no auth needed
809 info attempt registry request try #1 at 12:03:40 AM
810 verbose etag "8QDFZQMAJ6NPYM2KLW985HPWO"
811 http request GET https://registry.npmjs.org/has-cors
812 silly cache afterAdd parseuri@0.0.4
813 verbose afterAdd /Users/adam2/.npm/parseuri/0.0.4/package/package.json not in flight; writing
814 info retry fetch attempt 1 at 12:03:40 AM
815 info attempt registry request try #1 at 12:03:40 AM
816 http fetch GET https://github.com/rase-/node-XMLHttpRequest/archive/a6b6f2.tar.gz
817 silly cache afterAdd debug@1.0.4
818 verbose afterAdd /Users/adam2/.npm/debug/1.0.4/package/package.json not in flight; writing
819 verbose afterAdd /Users/adam2/.npm/parseuri/0.0.4/package/package.json written
820 verbose afterAdd /Users/adam2/.npm/debug/1.0.4/package/package.json written
821 http 304 https://registry.npmjs.org/has-cors
822 verbose headers { date: 'Wed, 13 Apr 2016 04:03:41 GMT',
822 verbose headers   via: '1.1 varnish',
822 verbose headers   'cache-control': 'max-age=300',
822 verbose headers   etag: '"8QDFZQMAJ6NPYM2KLW985HPWO"',
822 verbose headers   age: '6',
822 verbose headers   connection: 'keep-alive',
822 verbose headers   'x-served-by': 'cache-jfk1039-JFK',
822 verbose headers   'x-cache': 'HIT',
822 verbose headers   'x-cache-hits': '1',
822 verbose headers   'x-timer': 'S1460520221.076516,VS0,VE0',
822 verbose headers   vary: 'Accept-Encoding' }
823 silly get cb [ 304,
823 silly get   { date: 'Wed, 13 Apr 2016 04:03:41 GMT',
823 silly get     via: '1.1 varnish',
823 silly get     'cache-control': 'max-age=300',
823 silly get     etag: '"8QDFZQMAJ6NPYM2KLW985HPWO"',
823 silly get     age: '6',
823 silly get     connection: 'keep-alive',
823 silly get     'x-served-by': 'cache-jfk1039-JFK',
823 silly get     'x-cache': 'HIT',
823 silly get     'x-cache-hits': '1',
823 silly get     'x-timer': 'S1460520221.076516,VS0,VE0',
823 silly get     vary: 'Accept-Encoding' } ]
824 verbose etag https://registry.npmjs.org/has-cors from cache
825 verbose get saving has-cors to /Users/adam2/.npm/registry.npmjs.org/has-cors/.cache.json
826 silly resolveWithNewModule has-cors@1.0.3 checking installable status
827 silly cache add args [ 'has-cors@1.0.3', null ]
828 verbose cache add spec has-cors@1.0.3
829 silly cache add parsed spec Result {
829 silly cache add   raw: 'has-cors@1.0.3',
829 silly cache add   scope: null,
829 silly cache add   name: 'has-cors',
829 silly cache add   rawSpec: '1.0.3',
829 silly cache add   spec: '1.0.3',
829 silly cache add   type: 'version' }
830 silly addNamed has-cors@1.0.3
831 verbose addNamed "1.0.3" is a plain semver version for has-cors
832 silly mapToRegistry name has-cors
833 silly mapToRegistry using default registry
834 silly mapToRegistry registry https://registry.npmjs.org/
835 silly mapToRegistry uri https://registry.npmjs.org/has-cors
836 verbose addNameVersion registry:https://registry.npmjs.org/has-cors not in flight; fetching
837 verbose get https://registry.npmjs.org/has-cors not expired, no request
838 silly cache afterAdd has-cors@1.0.3
839 verbose afterAdd /Users/adam2/.npm/has-cors/1.0.3/package/package.json not in flight; writing
840 verbose afterAdd /Users/adam2/.npm/has-cors/1.0.3/package/package.json written
841 http fetch 200 https://github.com/rase-/node-XMLHttpRequest/archive/a6b6f2.tar.gz
842 silly fetchAndShaCheck shasum 20cafa5caa55f6db6bfaee849d1eb60ee43a5fca
843 verbose addTmpTarball /tmp/npm-46762-f12c190a/github.com/rase-/node-XMLHttpRequest/archive/a6b6f2.tar.gz not in flight; adding
844 verbose addTmpTarball validating metadata from /tmp/npm-46762-f12c190a/github.com/rase-/node-XMLHttpRequest/archive/a6b6f2.tar.gz
845 verbose tar unpack /tmp/npm-46762-f12c190a/github.com/rase-/node-XMLHttpRequest/archive/a6b6f2.tar.gz
846 verbose tar unpacking to /tmp/npm-46762-f12c190a/unpack-0a4c0907fb3fd459c2fe6098652806b3
847 silly gentlyRm /tmp/npm-46762-f12c190a/unpack-0a4c0907fb3fd459c2fe6098652806b3 is being purged
848 verbose gentlyRm don't care about contents; nuking /tmp/npm-46762-f12c190a/unpack-0a4c0907fb3fd459c2fe6098652806b3
849 silly gunzTarPerm modes [ '755', '644' ]
850 silly gunzTarPerm extractEntry
851 silly gunzTarPerm modified mode [ '', 509, 493 ]
852 silly gunzTarPerm extractEntry LICENSE
853 silly gunzTarPerm modified mode [ 'LICENSE', 436, 420 ]
854 silly gunzTarPerm extractEntry README.md
855 silly gunzTarPerm modified mode [ 'README.md', 436, 420 ]
856 silly gunzTarPerm extractEntry autotest.watchr
857 silly gunzTarPerm modified mode [ 'autotest.watchr', 436, 420 ]
858 silly gunzTarPerm extractEntry example/
859 silly gunzTarPerm modified mode [ 'example/', 509, 493 ]
860 silly gunzTarPerm extractEntry example/demo.js
861 silly gunzTarPerm modified mode [ 'example/demo.js', 436, 420 ]
862 silly gunzTarPerm extractEntry lib/
863 silly gunzTarPerm modified mode [ 'lib/', 509, 493 ]
864 silly gunzTarPerm extractEntry lib/XMLHttpRequest.js
865 silly gunzTarPerm modified mode [ 'lib/XMLHttpRequest.js', 436, 420 ]
866 silly gunzTarPerm extractEntry package.json
867 silly gunzTarPerm modified mode [ 'package.json', 436, 420 ]
868 silly gunzTarPerm extractEntry tests/
869 silly gunzTarPerm modified mode [ 'tests/', 509, 493 ]
870 silly gunzTarPerm extractEntry tests/test-constants.js
871 silly gunzTarPerm modified mode [ 'tests/test-constants.js', 436, 420 ]
872 silly gunzTarPerm extractEntry tests/test-events.js
873 silly gunzTarPerm modified mode [ 'tests/test-events.js', 436, 420 ]
874 silly gunzTarPerm extractEntry tests/test-exceptions.js
875 silly gunzTarPerm modified mode [ 'tests/test-exceptions.js', 436, 420 ]
876 silly gunzTarPerm extractEntry tests/test-headers.js
877 silly gunzTarPerm modified mode [ 'tests/test-headers.js', 436, 420 ]
878 silly gunzTarPerm extractEntry tests/test-redirect-302.js
879 silly gunzTarPerm modified mode [ 'tests/test-redirect-302.js', 436, 420 ]
880 silly gunzTarPerm extractEntry tests/test-redirect-303.js
881 silly gunzTarPerm modified mode [ 'tests/test-redirect-303.js', 436, 420 ]
882 silly gunzTarPerm extractEntry tests/test-redirect-307.js
883 silly gunzTarPerm modified mode [ 'tests/test-redirect-307.js', 436, 420 ]
884 silly gunzTarPerm extractEntry tests/test-request-methods.js
885 silly gunzTarPerm modified mode [ 'tests/test-request-methods.js', 436, 420 ]
886 silly gunzTarPerm extractEntry tests/test-request-protocols.js
887 silly gunzTarPerm modified mode [ 'tests/test-request-protocols.js', 436, 420 ]
888 silly gunzTarPerm extractEntry tests/testdata.txt
889 silly gunzTarPerm modified mode [ 'tests/testdata.txt', 436, 420 ]
890 silly cache afterAdd xmlhttprequest@1.5.0
891 verbose afterAdd /Users/adam2/.npm/xmlhttprequest/1.5.0/package/package.json not in flight; writing
892 verbose afterAdd /Users/adam2/.npm/xmlhttprequest/1.5.0/package/package.json written
893 silly resolveWithNewModule xmlhttprequest@1.5.0 checking installable status
894 silly fetchNamedPackageData ms
895 silly mapToRegistry name ms
896 silly mapToRegistry using default registry
897 silly mapToRegistry registry https://registry.npmjs.org/
898 silly mapToRegistry uri https://registry.npmjs.org/ms
899 silly fetchOtherPackageData global@https://github.com/component/global/archive/v2.0.1.tar.gz
900 silly cache add args [ 'global@https://github.com/component/global/archive/v2.0.1.tar.gz',
900 silly cache add   null ]
901 verbose cache add spec global@https://github.com/component/global/archive/v2.0.1.tar.gz
902 silly cache add parsed spec Result {
902 silly cache add   raw: 'global@https://github.com/component/global/archive/v2.0.1.tar.gz',
902 silly cache add   scope: null,
902 silly cache add   name: 'global',
902 silly cache add   rawSpec: 'https://github.com/component/global/archive/v2.0.1.tar.gz',
902 silly cache add   spec: 'https://github.com/component/global/archive/v2.0.1.tar.gz',
902 silly cache add   type: 'remote' }
903 silly mapToRegistry name global@https://github.com/component/global/archive/v2.0.1.tar.gz
904 silly mapToRegistry using default registry
905 silly mapToRegistry registry https://registry.npmjs.org/
906 silly mapToRegistry uri https://registry.npmjs.org/global@https://github.com/component/global/archive/v2.0.1.tar.gz
907 verbose addRemoteTarball https://github.com/component/global/archive/v2.0.1.tar.gz not in flight; adding
908 verbose addRemoteTarball [ 'https://github.com/component/global/archive/v2.0.1.tar.gz',
908 verbose addRemoteTarball   null ]
909 info retry fetch attempt 1 at 12:03:41 AM
910 info attempt registry request try #1 at 12:03:41 AM
911 http fetch GET https://github.com/component/global/archive/v2.0.1.tar.gz
912 http fetch 200 https://github.com/component/global/archive/v2.0.1.tar.gz
913 silly fetchAndShaCheck shasum 3fb25343fb66d79991b0f4a429ce3b54480eec3c
914 verbose addTmpTarball /tmp/npm-46762-f12c190a/github.com/component/global/archive/v2.0.1.tar.gz not in flight; adding
915 verbose addTmpTarball validating metadata from /tmp/npm-46762-f12c190a/github.com/component/global/archive/v2.0.1.tar.gz
916 verbose tar unpack /tmp/npm-46762-f12c190a/github.com/component/global/archive/v2.0.1.tar.gz
917 verbose tar unpacking to /tmp/npm-46762-f12c190a/unpack-ad84293533354faaf11bcf01e1b538fc
918 silly gentlyRm /tmp/npm-46762-f12c190a/unpack-ad84293533354faaf11bcf01e1b538fc is being purged
919 verbose gentlyRm don't care about contents; nuking /tmp/npm-46762-f12c190a/unpack-ad84293533354faaf11bcf01e1b538fc
920 silly gunzTarPerm modes [ '755', '644' ]
921 silly gunzTarPerm extractEntry
922 silly gunzTarPerm modified mode [ '', 509, 493 ]
923 silly gunzTarPerm extractEntry .gitignore
924 silly gunzTarPerm modified mode [ '.gitignore', 436, 420 ]
925 silly gunzTarPerm extractEntry History.md
926 silly gunzTarPerm modified mode [ 'History.md', 436, 420 ]
927 silly gunzTarPerm extractEntry Makefile
928 silly gunzTarPerm modified mode [ 'Makefile', 436, 420 ]
929 silly gunzTarPerm extractEntry Readme.md
930 silly gunzTarPerm modified mode [ 'Readme.md', 436, 420 ]
931 silly gunzTarPerm extractEntry component.json
932 silly gunzTarPerm modified mode [ 'component.json', 436, 420 ]
933 silly gunzTarPerm extractEntry index.js
934 silly gunzTarPerm modified mode [ 'index.js', 436, 420 ]
935 silly gunzTarPerm extractEntry package.json
936 silly gunzTarPerm modified mode [ 'package.json', 436, 420 ]
937 silly gunzTarPerm extractEntry test/
938 silly gunzTarPerm modified mode [ 'test/', 509, 493 ]
939 silly gunzTarPerm extractEntry test/index.html
940 silly gunzTarPerm modified mode [ 'test/index.html', 436, 420 ]
941 silly gunzTarPerm extractEntry test/mocha.css
942 silly gunzTarPerm modified mode [ 'test/mocha.css', 436, 420 ]
943 silly gunzTarPerm extractEntry test/mocha.js
944 silly gunzTarPerm modified mode [ 'test/mocha.js', 436, 420 ]
945 silly gunzTarPerm extractEntry test/test.js
946 silly gunzTarPerm modified mode [ 'test/test.js', 436, 420 ]
947 silly cache afterAdd global@2.0.1
948 verbose afterAdd /Users/adam2/.npm/global/2.0.1/package/package.json not in flight; writing
949 verbose afterAdd /Users/adam2/.npm/global/2.0.1/package/package.json written
950 silly resolveWithNewModule global@2.0.1 checking installable status
951 silly fetchNamedPackageData debug
952 silly mapToRegistry name debug
953 silly mapToRegistry using default registry
954 silly mapToRegistry registry https://registry.npmjs.org/
955 silly mapToRegistry uri https://registry.npmjs.org/debug
956 silly resolveWithNewModule debug@0.7.4 checking installable status
957 silly cache add args [ 'debug@0.7.4', null ]
958 verbose cache add spec debug@0.7.4
959 silly cache add parsed spec Result {
959 silly cache add   raw: 'debug@0.7.4',
959 silly cache add   scope: null,
959 silly cache add   name: 'debug',
959 silly cache add   rawSpec: '0.7.4',
959 silly cache add   spec: '0.7.4',
959 silly cache add   type: 'version' }
960 silly addNamed debug@0.7.4
961 verbose addNamed "0.7.4" is a plain semver version for debug
962 silly mapToRegistry name debug
963 silly mapToRegistry using default registry
964 silly mapToRegistry registry https://registry.npmjs.org/
965 silly mapToRegistry uri https://registry.npmjs.org/debug
966 verbose addNameVersion registry:https://registry.npmjs.org/debug not in flight; fetching
967 verbose get https://registry.npmjs.org/debug not expired, no request
968 silly cache afterAdd debug@0.7.4
969 verbose afterAdd /Users/adam2/.npm/debug/0.7.4/package/package.json not in flight; writing
970 verbose afterAdd /Users/adam2/.npm/debug/0.7.4/package/package.json written
971 verbose stack TypeError: Cannot read property 'localeCompare' of undefined
971 verbose stack     at installOrder (/usr/local/lib/node_modules/npm/lib/install/deps.js:241:32)
971 verbose stack     at Array.sort (native)
971 verbose stack     at /usr/local/lib/node_modules/npm/lib/install/deps.js:240:27
971 verbose stack     at cb (/usr/local/lib/node_modules/npm/node_modules/slide/lib/async-map.js:47:24)
971 verbose stack     at resolveWithExistingModule (/usr/local/lib/node_modules/npm/lib/install/deps.js:377:3)
971 verbose stack     at /usr/local/lib/node_modules/npm/lib/install/deps.js:347:5
971 verbose stack     at /usr/local/lib/node_modules/npm/node_modules/slide/lib/async-map.js:52:35
971 verbose stack     at Array.forEach (native)
971 verbose stack     at /usr/local/lib/node_modules/npm/node_modules/slide/lib/async-map.js:52:11
971 verbose stack     at Array.forEach (native)
972 verbose cwd /Users/adam2/Desktop/onemonarch
973 error Darwin 15.4.0
974 error argv "/usr/local/bin/node" "/usr/local/bin/npm" "install"
975 error node v4.2.1
976 error npm  v3.3.6
977 error Cannot read property 'localeCompare' of undefined
978 error If you need help, you may report this error at:
978 error     <https://github.com/npm/npm/issues>
979 verbose exit [ 1, true ]
